<?xml version="1.0" encoding="utf-8"?>
<TestRun id="d2cb4412-b413-410a-8289-36f07d4271af" name="@localhost 2020-08-14 23:55:21" xmlns="http://microsoft.com/schemas/VisualStudio/TeamTest/2010">
  <Times creation="2020-08-14T23:55:21.3794295-03:00" queuing="2020-08-14T23:55:21.3794296-03:00" start="2020-08-14T23:55:20.3261024-03:00" finish="2020-08-14T23:55:25.2517155-03:00" />
  <TestSettings name="default" id="f2af795f-47df-4bfc-a610-7101bcb55df9">
    <Deployment runDeploymentRoot="_localhost_2020-08-14_23_55_21" />
  </TestSettings>
  <Results>
    <UnitTestResult executionId="ec9fdaee-b8e6-4e06-9e7d-d3831206304e" testId="540b9988-3c2d-bec3-9662-ea52076b4e00" testName="Knuth.Tests.AddressConversionTest.ConvertTestnetLegacyToCashAddrNoPrefix" computerName="localhost" duration="00:00:00.0000877" startTime="2020-08-14T23:55:22.8622872-03:00" endTime="2020-08-14T23:55:22.8622906-03:00" testType="13cdc9d9-ddb5-4fa4-a97d-d965ccfc6d4b" outcome="Passed" testListId="8c84fa94-04c1-424b-9868-57a2d4851a1d" relativeResultsDirectory="ec9fdaee-b8e6-4e06-9e7d-d3831206304e" />
    <UnitTestResult executionId="d7dbcdc5-b376-4d52-a1f6-7723d6d2f9b0" testId="2b05f4c9-24c1-262d-e4b0-2cc4c00c05a7" testName="Knuth.Tests.ExecutorTest.TestConfigInvalid" computerName="localhost" duration="00:00:00.0015090" startTime="2020-08-14T23:55:25.2331485-03:00" endTime="2020-08-14T23:55:25.2331488-03:00" testType="13cdc9d9-ddb5-4fa4-a97d-d965ccfc6d4b" outcome="Passed" testListId="8c84fa94-04c1-424b-9868-57a2d4851a1d" relativeResultsDirectory="d7dbcdc5-b376-4d52-a1f6-7723d6d2f9b0" />
    <UnitTestResult executionId="15445806-6af0-4008-9c71-e5d4db24386f" testId="91846566-4d59-cb89-e1f8-5ee9c078b5ac" testName="Knuth.Tests.ChainTest.TestFetchBlockByHash170" computerName="localhost" duration="00:00:00.0010000" startTime="2020-08-14T23:55:25.1934502-03:00" endTime="2020-08-14T23:55:25.1934504-03:00" testType="13cdc9d9-ddb5-4fa4-a97d-d965ccfc6d4b" outcome="Failed" testListId="8c84fa94-04c1-424b-9868-57a2d4851a1d" relativeResultsDirectory="15445806-6af0-4008-9c71-e5d4db24386f">
      <Output>
        <ErrorInfo>
          <Message>System.AggregateException : One or more errors occurred. (Executor::InitAndRunAsync failed, check log) (The following constructor parameters did not have matching fixture data: ExecutorFixture fixture)
---- System.InvalidOperationException : Executor::InitAndRunAsync failed, check log
---- The following constructor parameters did not have matching fixture data: ExecutorFixture fixture</Message>
          <StackTrace>
----- Inner Stack Trace #1 (System.InvalidOperationException) -----
   at Knuth.Tests.ExecutorFixture..ctor() in /home/fernando/dev/kth/cs-api/tests/bch/ExecutorFixture.cs:line 15
----- Inner Stack Trace #2 (Xunit.Sdk.TestClassException) -----
</StackTrace>
        </ErrorInfo>
      </Output>
    </UnitTestResult>
    <UnitTestResult executionId="4d4ec469-e415-47bc-ad11-b81dac74e05a" testId="c3173fde-6eb6-ec7f-4b0a-ee55a5056af3" testName="Knuth.Tests.ChainTest.FetchBlockHeaderByHashTxSizesAsync" computerName="localhost" duration="00:00:00.0010000" startTime="2020-08-14T23:55:25.1809891-03:00" endTime="2020-08-14T23:55:25.1809973-03:00" testType="13cdc9d9-ddb5-4fa4-a97d-d965ccfc6d4b" outcome="Failed" testListId="8c84fa94-04c1-424b-9868-57a2d4851a1d" relativeResultsDirectory="4d4ec469-e415-47bc-ad11-b81dac74e05a">
      <Output>
        <ErrorInfo>
          <Message>System.AggregateException : One or more errors occurred. (Executor::InitAndRunAsync failed, check log) (The following constructor parameters did not have matching fixture data: ExecutorFixture fixture)
---- System.InvalidOperationException : Executor::InitAndRunAsync failed, check log
---- The following constructor parameters did not have matching fixture data: ExecutorFixture fixture</Message>
          <StackTrace>
----- Inner Stack Trace #1 (System.InvalidOperationException) -----
   at Knuth.Tests.ExecutorFixture..ctor() in /home/fernando/dev/kth/cs-api/tests/bch/ExecutorFixture.cs:line 15
----- Inner Stack Trace #2 (Xunit.Sdk.TestClassException) -----
</StackTrace>
        </ErrorInfo>
      </Output>
    </UnitTestResult>
    <UnitTestResult executionId="1b7274fe-977f-45e0-a390-3213463b0bb8" testId="a10da681-b460-1114-5d50-46e2b3f9fa44" testName="Knuth.Tests.ValidationsTest.TestCashAddressValidation" computerName="localhost" duration="00:00:00.0000938" startTime="2020-08-14T23:55:21.3814574-03:00" endTime="2020-08-14T23:55:21.3814578-03:00" testType="13cdc9d9-ddb5-4fa4-a97d-d965ccfc6d4b" outcome="Passed" testListId="8c84fa94-04c1-424b-9868-57a2d4851a1d" relativeResultsDirectory="1b7274fe-977f-45e0-a390-3213463b0bb8" />
    <UnitTestResult executionId="2c9889ec-b3d6-4b4d-ad38-8472c1bb6d05" testId="b93f75b1-0372-e9a8-b7f5-a29441501e57" testName="Knuth.Tests.ChainTest.CreateBlockFromHex" computerName="localhost" duration="00:00:00.0010000" startTime="2020-08-14T23:55:25.1935897-03:00" endTime="2020-08-14T23:55:25.1935898-03:00" testType="13cdc9d9-ddb5-4fa4-a97d-d965ccfc6d4b" outcome="Failed" testListId="8c84fa94-04c1-424b-9868-57a2d4851a1d" relativeResultsDirectory="2c9889ec-b3d6-4b4d-ad38-8472c1bb6d05">
      <Output>
        <ErrorInfo>
          <Message>System.AggregateException : One or more errors occurred. (Executor::InitAndRunAsync failed, check log) (The following constructor parameters did not have matching fixture data: ExecutorFixture fixture)
---- System.InvalidOperationException : Executor::InitAndRunAsync failed, check log
---- The following constructor parameters did not have matching fixture data: ExecutorFixture fixture</Message>
          <StackTrace>
----- Inner Stack Trace #1 (System.InvalidOperationException) -----
   at Knuth.Tests.ExecutorFixture..ctor() in /home/fernando/dev/kth/cs-api/tests/bch/ExecutorFixture.cs:line 15
----- Inner Stack Trace #2 (Xunit.Sdk.TestClassException) -----
</StackTrace>
        </ErrorInfo>
      </Output>
    </UnitTestResult>
    <UnitTestResult executionId="58f66e70-919c-4b69-bb77-d9f1635ce487" testId="e02b8adf-5e0d-6cb4-018b-b0d65ad94636" testName="Knuth.Tests.ChainTest.TestFetchBlockHeaderByHash" computerName="localhost" duration="00:00:00.0010000" startTime="2020-08-14T23:55:25.1929984-03:00" endTime="2020-08-14T23:55:25.1929986-03:00" testType="13cdc9d9-ddb5-4fa4-a97d-d965ccfc6d4b" outcome="Failed" testListId="8c84fa94-04c1-424b-9868-57a2d4851a1d" relativeResultsDirectory="58f66e70-919c-4b69-bb77-d9f1635ce487">
      <Output>
        <ErrorInfo>
          <Message>System.AggregateException : One or more errors occurred. (Executor::InitAndRunAsync failed, check log) (The following constructor parameters did not have matching fixture data: ExecutorFixture fixture)
---- System.InvalidOperationException : Executor::InitAndRunAsync failed, check log
---- The following constructor parameters did not have matching fixture data: ExecutorFixture fixture</Message>
          <StackTrace>
----- Inner Stack Trace #1 (System.InvalidOperationException) -----
   at Knuth.Tests.ExecutorFixture..ctor() in /home/fernando/dev/kth/cs-api/tests/bch/ExecutorFixture.cs:line 15
----- Inner Stack Trace #2 (Xunit.Sdk.TestClassException) -----
</StackTrace>
        </ErrorInfo>
      </Output>
    </UnitTestResult>
    <UnitTestResult executionId="475879c9-7b8f-42a9-bbc1-a25ad2c656e8" testId="57f6c355-f501-8c06-227c-b4b7aab874fe" testName="Knuth.Tests.ChainTest.TestFetchBlockHeightAsync" computerName="localhost" duration="00:00:00.0010000" startTime="2020-08-14T23:55:25.1931379-03:00" endTime="2020-08-14T23:55:25.1931381-03:00" testType="13cdc9d9-ddb5-4fa4-a97d-d965ccfc6d4b" outcome="Failed" testListId="8c84fa94-04c1-424b-9868-57a2d4851a1d" relativeResultsDirectory="475879c9-7b8f-42a9-bbc1-a25ad2c656e8">
      <Output>
        <ErrorInfo>
          <Message>System.AggregateException : One or more errors occurred. (Executor::InitAndRunAsync failed, check log) (The following constructor parameters did not have matching fixture data: ExecutorFixture fixture)
---- System.InvalidOperationException : Executor::InitAndRunAsync failed, check log
---- The following constructor parameters did not have matching fixture data: ExecutorFixture fixture</Message>
          <StackTrace>
----- Inner Stack Trace #1 (System.InvalidOperationException) -----
   at Knuth.Tests.ExecutorFixture..ctor() in /home/fernando/dev/kth/cs-api/tests/bch/ExecutorFixture.cs:line 15
----- Inner Stack Trace #2 (Xunit.Sdk.TestClassException) -----
</StackTrace>
        </ErrorInfo>
      </Output>
    </UnitTestResult>
    <UnitTestResult executionId="e8e3db4a-a352-4d5a-bbbb-6343e633fda9" testId="2bfddb4b-a2f7-83da-1274-bc15c1f790aa" testName="Knuth.Tests.ExecutorTest.TestConfigValid" computerName="localhost" duration="00:00:00.0011477" startTime="2020-08-14T23:55:25.2333028-03:00" endTime="2020-08-14T23:55:25.2333030-03:00" testType="13cdc9d9-ddb5-4fa4-a97d-d965ccfc6d4b" outcome="Passed" testListId="8c84fa94-04c1-424b-9868-57a2d4851a1d" relativeResultsDirectory="e8e3db4a-a352-4d5a-bbbb-6343e633fda9" />
    <UnitTestResult executionId="8841ae29-72f9-4ac9-8b1a-e927d7fac51b" testId="3033640e-eb7e-c402-71e5-9eac50dcbf05" testName="Knuth.Tests.ChainTest.OrganizeBlockAsync" computerName="localhost" duration="00:00:00.0010000" startTime="2020-08-14T23:55:25.2329980-03:00" endTime="2020-08-14T23:55:25.2329982-03:00" testType="13cdc9d9-ddb5-4fa4-a97d-d965ccfc6d4b" outcome="Failed" testListId="8c84fa94-04c1-424b-9868-57a2d4851a1d" relativeResultsDirectory="8841ae29-72f9-4ac9-8b1a-e927d7fac51b">
      <Output>
        <ErrorInfo>
          <Message>System.AggregateException : One or more errors occurred. (Executor::InitAndRunAsync failed, check log) (The following constructor parameters did not have matching fixture data: ExecutorFixture fixture)
---- System.InvalidOperationException : Executor::InitAndRunAsync failed, check log
---- The following constructor parameters did not have matching fixture data: ExecutorFixture fixture</Message>
          <StackTrace>
----- Inner Stack Trace #1 (System.InvalidOperationException) -----
   at Knuth.Tests.ExecutorFixture..ctor() in /home/fernando/dev/kth/cs-api/tests/bch/ExecutorFixture.cs:line 15
----- Inner Stack Trace #2 (Xunit.Sdk.TestClassException) -----
</StackTrace>
        </ErrorInfo>
      </Output>
    </UnitTestResult>
    <UnitTestResult executionId="04693330-2819-4d30-bfcc-cc61785d39f9" testId="182f995e-0334-1004-0ebf-c2545e2aa5d3" testName="Knuth.Tests.AddressConversionTest.ConvertMainnetLegacyToCashAddr" computerName="localhost" duration="00:00:00.0000807" startTime="2020-08-14T23:55:22.8625698-03:00" endTime="2020-08-14T23:55:22.8625733-03:00" testType="13cdc9d9-ddb5-4fa4-a97d-d965ccfc6d4b" outcome="Passed" testListId="8c84fa94-04c1-424b-9868-57a2d4851a1d" relativeResultsDirectory="04693330-2819-4d30-bfcc-cc61785d39f9" />
    <UnitTestResult executionId="521eac48-ed17-4cbb-af51-3a7031b85ac4" testId="83544b7e-96de-58bb-c8f9-5f18e01b7d20" testName="Knuth.Tests.PaymentAddressTest.InvalidAddressShouldFail" computerName="localhost" duration="00:00:00.0001871" startTime="2020-08-14T23:55:21.3701351-03:00" endTime="2020-08-14T23:55:21.3701353-03:00" testType="13cdc9d9-ddb5-4fa4-a97d-d965ccfc6d4b" outcome="Passed" testListId="8c84fa94-04c1-424b-9868-57a2d4851a1d" relativeResultsDirectory="521eac48-ed17-4cbb-af51-3a7031b85ac4" />
    <UnitTestResult executionId="2e48502b-e04b-4b02-9702-dd27aef3abda" testId="758ee596-36ce-b1aa-4da8-5dd2bbd12248" testName="Knuth.Tests.ChainTest.TestFetchTransaction" computerName="localhost" duration="00:00:00.0010000" startTime="2020-08-14T23:55:25.1938680-03:00" endTime="2020-08-14T23:55:25.1938681-03:00" testType="13cdc9d9-ddb5-4fa4-a97d-d965ccfc6d4b" outcome="Failed" testListId="8c84fa94-04c1-424b-9868-57a2d4851a1d" relativeResultsDirectory="2e48502b-e04b-4b02-9702-dd27aef3abda">
      <Output>
        <ErrorInfo>
          <Message>System.AggregateException : One or more errors occurred. (Executor::InitAndRunAsync failed, check log) (The following constructor parameters did not have matching fixture data: ExecutorFixture fixture)
---- System.InvalidOperationException : Executor::InitAndRunAsync failed, check log
---- The following constructor parameters did not have matching fixture data: ExecutorFixture fixture</Message>
          <StackTrace>
----- Inner Stack Trace #1 (System.InvalidOperationException) -----
   at Knuth.Tests.ExecutorFixture..ctor() in /home/fernando/dev/kth/cs-api/tests/bch/ExecutorFixture.cs:line 15
----- Inner Stack Trace #2 (Xunit.Sdk.TestClassException) -----
</StackTrace>
        </ErrorInfo>
      </Output>
    </UnitTestResult>
    <UnitTestResult executionId="89fbebfc-ce40-45e3-b718-07719c979167" testId="64659af9-4437-aaf7-48ca-36db510c1cd3" testName="Knuth.Tests.AddressConversionTest.ConvertLegacyMainnetToCashAddrNoPrefix" computerName="localhost" duration="00:00:00.0001350" startTime="2020-08-14T23:55:22.8617290-03:00" endTime="2020-08-14T23:55:22.8617324-03:00" testType="13cdc9d9-ddb5-4fa4-a97d-d965ccfc6d4b" outcome="Passed" testListId="8c84fa94-04c1-424b-9868-57a2d4851a1d" relativeResultsDirectory="89fbebfc-ce40-45e3-b718-07719c979167" />
    <UnitTestResult executionId="a9506c95-e3e4-4815-8a41-c01fbb53c7f6" testId="0cf47bd7-c934-5024-742e-71a781ff30c0" testName="Knuth.Tests.ChainTest.TestFetchTransactionGenesis" computerName="localhost" duration="00:00:00.0010000" startTime="2020-08-14T23:55:25.1937295-03:00" endTime="2020-08-14T23:55:25.1937297-03:00" testType="13cdc9d9-ddb5-4fa4-a97d-d965ccfc6d4b" outcome="Failed" testListId="8c84fa94-04c1-424b-9868-57a2d4851a1d" relativeResultsDirectory="a9506c95-e3e4-4815-8a41-c01fbb53c7f6">
      <Output>
        <ErrorInfo>
          <Message>System.AggregateException : One or more errors occurred. (Executor::InitAndRunAsync failed, check log) (The following constructor parameters did not have matching fixture data: ExecutorFixture fixture)
---- System.InvalidOperationException : Executor::InitAndRunAsync failed, check log
---- The following constructor parameters did not have matching fixture data: ExecutorFixture fixture</Message>
          <StackTrace>
----- Inner Stack Trace #1 (System.InvalidOperationException) -----
   at Knuth.Tests.ExecutorFixture..ctor() in /home/fernando/dev/kth/cs-api/tests/bch/ExecutorFixture.cs:line 15
----- Inner Stack Trace #2 (Xunit.Sdk.TestClassException) -----
</StackTrace>
        </ErrorInfo>
      </Output>
    </UnitTestResult>
    <UnitTestResult executionId="13e7957c-b6d5-4317-8037-fd515b2f9a1b" testId="ce1842cd-bfe1-27c8-7b0e-a28952f165db" testName="Knuth.Tests.AddressConversionTest.ConvertMainnetLegacyToCashAddrNoPrefix" computerName="localhost" duration="00:00:00.0013515" startTime="2020-08-14T23:55:21.3820810-03:00" endTime="2020-08-14T23:55:21.3820813-03:00" testType="13cdc9d9-ddb5-4fa4-a97d-d965ccfc6d4b" outcome="Passed" testListId="8c84fa94-04c1-424b-9868-57a2d4851a1d" relativeResultsDirectory="13e7957c-b6d5-4317-8037-fd515b2f9a1b" />
    <UnitTestResult executionId="bcdf7fbb-fec5-40e3-90a3-a5e1b4281638" testId="8398c73a-90f2-6edc-0c0c-fb2e821b3789" testName="Knuth.Tests.ChainTest.FetchConfirmedTransactionsAsync" computerName="localhost" duration="00:00:00.0010000" startTime="2020-08-14T23:55:25.1933077-03:00" endTime="2020-08-14T23:55:25.1933079-03:00" testType="13cdc9d9-ddb5-4fa4-a97d-d965ccfc6d4b" outcome="Failed" testListId="8c84fa94-04c1-424b-9868-57a2d4851a1d" relativeResultsDirectory="bcdf7fbb-fec5-40e3-90a3-a5e1b4281638">
      <Output>
        <ErrorInfo>
          <Message>System.AggregateException : One or more errors occurred. (Executor::InitAndRunAsync failed, check log) (The following constructor parameters did not have matching fixture data: ExecutorFixture fixture)
---- System.InvalidOperationException : Executor::InitAndRunAsync failed, check log
---- The following constructor parameters did not have matching fixture data: ExecutorFixture fixture</Message>
          <StackTrace>
----- Inner Stack Trace #1 (System.InvalidOperationException) -----
   at Knuth.Tests.ExecutorFixture..ctor() in /home/fernando/dev/kth/cs-api/tests/bch/ExecutorFixture.cs:line 15
----- Inner Stack Trace #2 (Xunit.Sdk.TestClassException) -----
</StackTrace>
        </ErrorInfo>
      </Output>
    </UnitTestResult>
    <UnitTestResult executionId="842b897f-8abb-4c53-b0f5-e729481a8317" testId="0fdee229-7f25-f524-f497-c7e9b1fac740" testName="Knuth.Tests.TransactionTest.TestCreateTransactionFromHexString" computerName="localhost" duration="00:00:00.0050663" startTime="2020-08-14T23:55:21.3649763-03:00" endTime="2020-08-14T23:55:21.3650662-03:00" testType="13cdc9d9-ddb5-4fa4-a97d-d965ccfc6d4b" outcome="Passed" testListId="8c84fa94-04c1-424b-9868-57a2d4851a1d" relativeResultsDirectory="842b897f-8abb-4c53-b0f5-e729481a8317" />
    <UnitTestResult executionId="df495d6c-8340-40d0-9a76-fcb897d59ae9" testId="a3b10945-fb3d-785a-fac9-470497621adb" testName="Knuth.Tests.ChainTest.OrganizeTransactionAsync" computerName="localhost" duration="00:00:00.0010000" startTime="2020-08-14T23:55:25.2325046-03:00" endTime="2020-08-14T23:55:25.2325048-03:00" testType="13cdc9d9-ddb5-4fa4-a97d-d965ccfc6d4b" outcome="Failed" testListId="8c84fa94-04c1-424b-9868-57a2d4851a1d" relativeResultsDirectory="df495d6c-8340-40d0-9a76-fcb897d59ae9">
      <Output>
        <ErrorInfo>
          <Message>System.AggregateException : One or more errors occurred. (Executor::InitAndRunAsync failed, check log) (The following constructor parameters did not have matching fixture data: ExecutorFixture fixture)
---- System.InvalidOperationException : Executor::InitAndRunAsync failed, check log
---- The following constructor parameters did not have matching fixture data: ExecutorFixture fixture</Message>
          <StackTrace>
----- Inner Stack Trace #1 (System.InvalidOperationException) -----
   at Knuth.Tests.ExecutorFixture..ctor() in /home/fernando/dev/kth/cs-api/tests/bch/ExecutorFixture.cs:line 15
----- Inner Stack Trace #2 (Xunit.Sdk.TestClassException) -----
</StackTrace>
        </ErrorInfo>
      </Output>
    </UnitTestResult>
    <UnitTestResult executionId="c584849b-b7c1-400d-a3c2-5d5b0b22f522" testId="19ddf564-6dfc-f8fe-6f76-ff547cbf2610" testName="Knuth.Tests.ChainTest.TestFetchMerkleBlockByHash" computerName="localhost" duration="00:00:00.0010000" startTime="2020-08-14T23:55:25.1926993-03:00" endTime="2020-08-14T23:55:25.1926999-03:00" testType="13cdc9d9-ddb5-4fa4-a97d-d965ccfc6d4b" outcome="Failed" testListId="8c84fa94-04c1-424b-9868-57a2d4851a1d" relativeResultsDirectory="c584849b-b7c1-400d-a3c2-5d5b0b22f522">
      <Output>
        <ErrorInfo>
          <Message>System.AggregateException : One or more errors occurred. (Executor::InitAndRunAsync failed, check log) (The following constructor parameters did not have matching fixture data: ExecutorFixture fixture)
---- System.InvalidOperationException : Executor::InitAndRunAsync failed, check log
---- The following constructor parameters did not have matching fixture data: ExecutorFixture fixture</Message>
          <StackTrace>
----- Inner Stack Trace #1 (System.InvalidOperationException) -----
   at Knuth.Tests.ExecutorFixture..ctor() in /home/fernando/dev/kth/cs-api/tests/bch/ExecutorFixture.cs:line 15
----- Inner Stack Trace #2 (Xunit.Sdk.TestClassException) -----
</StackTrace>
        </ErrorInfo>
      </Output>
    </UnitTestResult>
    <UnitTestResult executionId="1fe3730f-5da4-4265-abfb-9b3a08e7526b" testId="be658d35-3a2a-8f3f-c336-fa6b669ccd56" testName="Knuth.Tests.AddressConversionTest.ConvertTestnetCashAddrToLegacy" computerName="localhost" duration="00:00:00.0000993" startTime="2020-08-14T23:55:22.8614223-03:00" endTime="2020-08-14T23:55:22.8614258-03:00" testType="13cdc9d9-ddb5-4fa4-a97d-d965ccfc6d4b" outcome="Passed" testListId="8c84fa94-04c1-424b-9868-57a2d4851a1d" relativeResultsDirectory="1fe3730f-5da4-4265-abfb-9b3a08e7526b" />
    <UnitTestResult executionId="fab08d7f-bafa-422e-82ec-2945122e3cda" testId="2b77000f-bc78-69bb-4dd0-ae3a31c89c15" testName="Knuth.Tests.PaymentAddressTest.EmptyAddressShouldFail" computerName="localhost" duration="00:00:00.0000953" startTime="2020-08-14T23:55:21.3816715-03:00" endTime="2020-08-14T23:55:21.3816718-03:00" testType="13cdc9d9-ddb5-4fa4-a97d-d965ccfc6d4b" outcome="Passed" testListId="8c84fa94-04c1-424b-9868-57a2d4851a1d" relativeResultsDirectory="fab08d7f-bafa-422e-82ec-2945122e3cda" />
    <UnitTestResult executionId="88fc46a8-7f50-4a3d-b9c3-10d607e1f8d3" testId="703b124c-071a-ab46-468f-41548ed5619c" testName="Knuth.Tests.AddressConversionTest.ShouldThrowIfConvertingCashAddrToCashAddr" computerName="localhost" duration="00:00:00.0002263" startTime="2020-08-14T23:55:21.3861047-03:00" endTime="2020-08-14T23:55:21.3861050-03:00" testType="13cdc9d9-ddb5-4fa4-a97d-d965ccfc6d4b" outcome="Passed" testListId="8c84fa94-04c1-424b-9868-57a2d4851a1d" relativeResultsDirectory="88fc46a8-7f50-4a3d-b9c3-10d607e1f8d3" />
    <UnitTestResult executionId="6b3ae0b0-990a-4b6e-9fcb-c8bb742cabce" testId="e21eddb2-7246-f729-fca1-e637c3567f9b" testName="Knuth.Tests.AddressConversionTest.ConvertLegacyTestnetToCashAddrNoPrefix" computerName="localhost" duration="00:00:00.0001477" startTime="2020-08-14T23:55:22.8620126-03:00" endTime="2020-08-14T23:55:22.8620159-03:00" testType="13cdc9d9-ddb5-4fa4-a97d-d965ccfc6d4b" outcome="Passed" testListId="8c84fa94-04c1-424b-9868-57a2d4851a1d" relativeResultsDirectory="6b3ae0b0-990a-4b6e-9fcb-c8bb742cabce" />
    <UnitTestResult executionId="b7aa344c-ba4e-422d-833a-18faa2b7e624" testId="cd543545-0039-9b33-b3f4-b497ac71e6af" testName="Knuth.Tests.ValidationsTest.TestAddressValidation" computerName="localhost" duration="00:00:00.0046284" startTime="2020-08-14T23:55:21.3692859-03:00" endTime="2020-08-14T23:55:21.3692861-03:00" testType="13cdc9d9-ddb5-4fa4-a97d-d965ccfc6d4b" outcome="Passed" testListId="8c84fa94-04c1-424b-9868-57a2d4851a1d" relativeResultsDirectory="b7aa344c-ba4e-422d-833a-18faa2b7e624" />
    <UnitTestResult executionId="cd662036-0caf-4604-b847-6ff518ee3b21" testId="e2e4f607-7565-0706-6678-cd98a7a9d54d" testName="Knuth.Tests.ChainTest.TestFetchLastHeight" computerName="localhost" duration="00:00:00.0010000" startTime="2020-08-14T23:55:25.2323122-03:00" endTime="2020-08-14T23:55:25.2323128-03:00" testType="13cdc9d9-ddb5-4fa4-a97d-d965ccfc6d4b" outcome="Failed" testListId="8c84fa94-04c1-424b-9868-57a2d4851a1d" relativeResultsDirectory="cd662036-0caf-4604-b847-6ff518ee3b21">
      <Output>
        <ErrorInfo>
          <Message>System.AggregateException : One or more errors occurred. (Executor::InitAndRunAsync failed, check log) (The following constructor parameters did not have matching fixture data: ExecutorFixture fixture)
---- System.InvalidOperationException : Executor::InitAndRunAsync failed, check log
---- The following constructor parameters did not have matching fixture data: ExecutorFixture fixture</Message>
          <StackTrace>
----- Inner Stack Trace #1 (System.InvalidOperationException) -----
   at Knuth.Tests.ExecutorFixture..ctor() in /home/fernando/dev/kth/cs-api/tests/bch/ExecutorFixture.cs:line 15
----- Inner Stack Trace #2 (Xunit.Sdk.TestClassException) -----
</StackTrace>
        </ErrorInfo>
      </Output>
    </UnitTestResult>
    <UnitTestResult executionId="22ffdfa8-d983-408a-b5c6-53ec493fa0c0" testId="34e8a7be-42fd-c1d9-81d8-b1b7e7b30c6b" testName="Knuth.Tests.AddressConversionTest.ShouldThrowIfConvertingLegacyAddrToLegacyAddr" computerName="localhost" duration="00:00:00.0002651" startTime="2020-08-14T23:55:21.3857294-03:00" endTime="2020-08-14T23:55:21.3857296-03:00" testType="13cdc9d9-ddb5-4fa4-a97d-d965ccfc6d4b" outcome="Passed" testListId="8c84fa94-04c1-424b-9868-57a2d4851a1d" relativeResultsDirectory="22ffdfa8-d983-408a-b5c6-53ec493fa0c0" />
    <UnitTestResult executionId="f8f74b52-32c6-4d19-925b-705e29172f66" testId="f5a7ef8b-9250-1a52-c8b6-023f80bde37b" testName="Knuth.Tests.ChainTest.IsStale" computerName="localhost" duration="00:00:00.0010000" startTime="2020-08-14T23:55:25.2328355-03:00" endTime="2020-08-14T23:55:25.2328358-03:00" testType="13cdc9d9-ddb5-4fa4-a97d-d965ccfc6d4b" outcome="Failed" testListId="8c84fa94-04c1-424b-9868-57a2d4851a1d" relativeResultsDirectory="f8f74b52-32c6-4d19-925b-705e29172f66">
      <Output>
        <ErrorInfo>
          <Message>System.AggregateException : One or more errors occurred. (Executor::InitAndRunAsync failed, check log) (The following constructor parameters did not have matching fixture data: ExecutorFixture fixture)
---- System.InvalidOperationException : Executor::InitAndRunAsync failed, check log
---- The following constructor parameters did not have matching fixture data: ExecutorFixture fixture</Message>
          <StackTrace>
----- Inner Stack Trace #1 (System.InvalidOperationException) -----
   at Knuth.Tests.ExecutorFixture..ctor() in /home/fernando/dev/kth/cs-api/tests/bch/ExecutorFixture.cs:line 15
----- Inner Stack Trace #2 (Xunit.Sdk.TestClassException) -----
</StackTrace>
        </ErrorInfo>
      </Output>
    </UnitTestResult>
    <UnitTestResult executionId="609be78a-459b-4939-b638-d50c9c9fe4e8" testId="701b1e55-27d6-db51-0418-23b104122ac2" testName="Knuth.Tests.ChainTest.GetMempoolTransactions" computerName="localhost" duration="00:00:00.0010000" startTime="2020-08-14T23:55:25.1822383-03:00" endTime="2020-08-14T23:55:25.1822387-03:00" testType="13cdc9d9-ddb5-4fa4-a97d-d965ccfc6d4b" outcome="Failed" testListId="8c84fa94-04c1-424b-9868-57a2d4851a1d" relativeResultsDirectory="609be78a-459b-4939-b638-d50c9c9fe4e8">
      <Output>
        <ErrorInfo>
          <Message>System.AggregateException : One or more errors occurred. (Executor::InitAndRunAsync failed, check log) (The following constructor parameters did not have matching fixture data: ExecutorFixture fixture)
---- System.InvalidOperationException : Executor::InitAndRunAsync failed, check log
---- The following constructor parameters did not have matching fixture data: ExecutorFixture fixture</Message>
          <StackTrace>
----- Inner Stack Trace #1 (System.InvalidOperationException) -----
   at Knuth.Tests.ExecutorFixture..ctor() in /home/fernando/dev/kth/cs-api/tests/bch/ExecutorFixture.cs:line 15
----- Inner Stack Trace #2 (Xunit.Sdk.TestClassException) -----
</StackTrace>
        </ErrorInfo>
      </Output>
    </UnitTestResult>
    <UnitTestResult executionId="fb480534-2317-47bb-89c5-abe920f9207a" testId="26380a64-a2e2-d0e0-2f0f-54a5c2633c38" testName="Knuth.Tests.AddressConversionTest.ConvertLegacyTestnetToCashAddr" computerName="localhost" duration="00:00:00.0001555" startTime="2020-08-14T23:55:22.8605287-03:00" endTime="2020-08-14T23:55:22.8605332-03:00" testType="13cdc9d9-ddb5-4fa4-a97d-d965ccfc6d4b" outcome="Passed" testListId="8c84fa94-04c1-424b-9868-57a2d4851a1d" relativeResultsDirectory="fb480534-2317-47bb-89c5-abe920f9207a" />
    <UnitTestResult executionId="f1c3636b-c6cc-48ac-af9f-ec73559dd7e5" testId="fb485c04-2dd0-01c8-e0fe-2569638fbb74" testName="Knuth.Tests.PaymentAddressTest.MainnetLegacyAddressOK" computerName="localhost" duration="00:00:00.0001360" startTime="2020-08-14T23:55:21.3699406-03:00" endTime="2020-08-14T23:55:21.3699408-03:00" testType="13cdc9d9-ddb5-4fa4-a97d-d965ccfc6d4b" outcome="Passed" testListId="8c84fa94-04c1-424b-9868-57a2d4851a1d" relativeResultsDirectory="f1c3636b-c6cc-48ac-af9f-ec73559dd7e5" />
    <UnitTestResult executionId="ba1f4907-ba94-4f4f-b440-41ba7dc4ab03" testId="af58aad3-92a1-0d8b-3941-b055a59205f6" testName="Knuth.Tests.ValidationsTest.TestHashValidation" computerName="localhost" duration="00:00:00.0006501" startTime="2020-08-14T23:55:21.3703831-03:00" endTime="2020-08-14T23:55:21.3703834-03:00" testType="13cdc9d9-ddb5-4fa4-a97d-d965ccfc6d4b" outcome="Passed" testListId="8c84fa94-04c1-424b-9868-57a2d4851a1d" relativeResultsDirectory="ba1f4907-ba94-4f4f-b440-41ba7dc4ab03" />
    <UnitTestResult executionId="e00714a0-da36-44a8-80ea-0e45f7a61f32" testId="ac04339f-2180-85c4-b788-ea95c62878ca" testName="Knuth.Tests.PaymentAddressTest.MainnetCashAddrAddressOK" computerName="localhost" duration="00:00:00.0001583" startTime="2020-08-14T23:55:21.3697389-03:00" endTime="2020-08-14T23:55:21.3697392-03:00" testType="13cdc9d9-ddb5-4fa4-a97d-d965ccfc6d4b" outcome="Passed" testListId="8c84fa94-04c1-424b-9868-57a2d4851a1d" relativeResultsDirectory="e00714a0-da36-44a8-80ea-0e45f7a61f32" />
    <UnitTestResult executionId="7c8635eb-5467-4c82-9e39-a39c4e0fc9a6" testId="9c22990c-ad71-6621-2d23-0f1e6de0c618" testName="Knuth.Tests.AddressConversionTest.ConvertTestnetLegacyToCashAddr" computerName="localhost" duration="00:00:00.0000850" startTime="2020-08-14T23:55:22.8610325-03:00" endTime="2020-08-14T23:55:22.8610359-03:00" testType="13cdc9d9-ddb5-4fa4-a97d-d965ccfc6d4b" outcome="Passed" testListId="8c84fa94-04c1-424b-9868-57a2d4851a1d" relativeResultsDirectory="7c8635eb-5467-4c82-9e39-a39c4e0fc9a6" />
    <UnitTestResult executionId="92c1544e-1bbe-4273-8a7f-0f86f0ccff1a" testId="edec631c-16cd-e334-9bbb-de079b46ee66" testName="Knuth.Tests.AddressConversionTest.ShouldThrowOnEmptyCashAddr" computerName="localhost" duration="00:00:00.0002301" startTime="2020-08-14T23:55:21.3859127-03:00" endTime="2020-08-14T23:55:21.3859130-03:00" testType="13cdc9d9-ddb5-4fa4-a97d-d965ccfc6d4b" outcome="Passed" testListId="8c84fa94-04c1-424b-9868-57a2d4851a1d" relativeResultsDirectory="92c1544e-1bbe-4273-8a7f-0f86f0ccff1a" />
    <UnitTestResult executionId="c8029d38-15f4-478f-b8c3-3d1fee67130e" testId="278c927c-6d69-e0c7-b8f7-5e95bcf9abcf" testName="Knuth.Tests.ChainTest.TestFetchTransactionPosition" computerName="localhost" duration="00:00:00.0010000" startTime="2020-08-14T23:55:25.1818176-03:00" endTime="2020-08-14T23:55:25.1818177-03:00" testType="13cdc9d9-ddb5-4fa4-a97d-d965ccfc6d4b" outcome="Failed" testListId="8c84fa94-04c1-424b-9868-57a2d4851a1d" relativeResultsDirectory="c8029d38-15f4-478f-b8c3-3d1fee67130e">
      <Output>
        <ErrorInfo>
          <Message>System.AggregateException : One or more errors occurred. (Executor::InitAndRunAsync failed, check log) (The following constructor parameters did not have matching fixture data: ExecutorFixture fixture)
---- System.InvalidOperationException : Executor::InitAndRunAsync failed, check log
---- The following constructor parameters did not have matching fixture data: ExecutorFixture fixture</Message>
          <StackTrace>
----- Inner Stack Trace #1 (System.InvalidOperationException) -----
   at Knuth.Tests.ExecutorFixture..ctor() in /home/fernando/dev/kth/cs-api/tests/bch/ExecutorFixture.cs:line 15
----- Inner Stack Trace #2 (Xunit.Sdk.TestClassException) -----
</StackTrace>
        </ErrorInfo>
      </Output>
    </UnitTestResult>
    <UnitTestResult executionId="42adb2a2-4a29-4d5c-8434-be0c117e1736" testId="508cbb8b-6ab0-3a50-b84a-b6a8718e0098" testName="Knuth.Tests.PaymentAddressTest.WhitespaceAddressShouldFail" computerName="localhost" duration="00:00:00.0000936" startTime="2020-08-14T23:55:21.3818733-03:00" endTime="2020-08-14T23:55:21.3818736-03:00" testType="13cdc9d9-ddb5-4fa4-a97d-d965ccfc6d4b" outcome="Passed" testListId="8c84fa94-04c1-424b-9868-57a2d4851a1d" relativeResultsDirectory="42adb2a2-4a29-4d5c-8434-be0c117e1736" />
    <UnitTestResult executionId="6eb9b123-b4e7-4f81-addb-caa210582c5d" testId="7e3ed57b-7406-032d-22c3-a90ddb044ce2" testName="Knuth.Tests.AddressConversionTest.ShouldThrowOnEmptyLegacyAddr" computerName="localhost" duration="00:00:00.0007911" startTime="2020-08-14T23:55:21.3855289-03:00" endTime="2020-08-14T23:55:21.3855292-03:00" testType="13cdc9d9-ddb5-4fa4-a97d-d965ccfc6d4b" outcome="Passed" testListId="8c84fa94-04c1-424b-9868-57a2d4851a1d" relativeResultsDirectory="6eb9b123-b4e7-4f81-addb-caa210582c5d" />
    <UnitTestResult executionId="6d995b2f-1ab2-46a7-aa3a-996d666f9e10" testId="b1f608e6-ff87-ace3-d330-15b0531558df" testName="Knuth.Tests.AddressConversionTest.ConvertMainnetCashAddrToLegacy" computerName="localhost" duration="00:00:00.0061620" startTime="2020-08-14T23:55:21.3690449-03:00" endTime="2020-08-14T23:55:21.3690451-03:00" testType="13cdc9d9-ddb5-4fa4-a97d-d965ccfc6d4b" outcome="Passed" testListId="8c84fa94-04c1-424b-9868-57a2d4851a1d" relativeResultsDirectory="6d995b2f-1ab2-46a7-aa3a-996d666f9e10" />
    <UnitTestResult executionId="ff7628bf-30db-4e5c-8489-d08dfa8da527" testId="3a2ae4d8-f670-b669-524d-108122a8571a" testName="Knuth.Tests.ChainTest.ValidateTransactionAsync" computerName="localhost" duration="00:00:00.0010000" startTime="2020-08-14T23:55:25.2326710-03:00" endTime="2020-08-14T23:55:25.2326712-03:00" testType="13cdc9d9-ddb5-4fa4-a97d-d965ccfc6d4b" outcome="Failed" testListId="8c84fa94-04c1-424b-9868-57a2d4851a1d" relativeResultsDirectory="ff7628bf-30db-4e5c-8489-d08dfa8da527">
      <Output>
        <ErrorInfo>
          <Message>System.AggregateException : One or more errors occurred. (Executor::InitAndRunAsync failed, check log) (The following constructor parameters did not have matching fixture data: ExecutorFixture fixture)
---- System.InvalidOperationException : Executor::InitAndRunAsync failed, check log
---- The following constructor parameters did not have matching fixture data: ExecutorFixture fixture</Message>
          <StackTrace>
----- Inner Stack Trace #1 (System.InvalidOperationException) -----
   at Knuth.Tests.ExecutorFixture..ctor() in /home/fernando/dev/kth/cs-api/tests/bch/ExecutorFixture.cs:line 15
----- Inner Stack Trace #2 (Xunit.Sdk.TestClassException) -----
</StackTrace>
        </ErrorInfo>
      </Output>
    </UnitTestResult>
    <UnitTestResult executionId="31b046b1-45c8-4e16-becf-9bb25f5afb96" testId="951d5be0-f136-6040-a466-0af420d912d0" testName="Knuth.Tests.ChainTest.TestFetchMerkleBlockByHeight" computerName="localhost" duration="00:00:00.0010000" startTime="2020-08-14T23:55:25.1820909-03:00" endTime="2020-08-14T23:55:25.1820911-03:00" testType="13cdc9d9-ddb5-4fa4-a97d-d965ccfc6d4b" outcome="Failed" testListId="8c84fa94-04c1-424b-9868-57a2d4851a1d" relativeResultsDirectory="31b046b1-45c8-4e16-becf-9bb25f5afb96">
      <Output>
        <ErrorInfo>
          <Message>System.AggregateException : One or more errors occurred. (Executor::InitAndRunAsync failed, check log) (The following constructor parameters did not have matching fixture data: ExecutorFixture fixture)
---- System.InvalidOperationException : Executor::InitAndRunAsync failed, check log
---- The following constructor parameters did not have matching fixture data: ExecutorFixture fixture</Message>
          <StackTrace>
----- Inner Stack Trace #1 (System.InvalidOperationException) -----
   at Knuth.Tests.ExecutorFixture..ctor() in /home/fernando/dev/kth/cs-api/tests/bch/ExecutorFixture.cs:line 15
----- Inner Stack Trace #2 (Xunit.Sdk.TestClassException) -----
</StackTrace>
        </ErrorInfo>
      </Output>
    </UnitTestResult>
    <UnitTestResult executionId="e425a06d-b0d8-4f22-9e19-0bdf76eae66f" testId="b7fa0593-7d9b-9e08-7449-5684f8b3c88f" testName="Knuth.Tests.AddressConversionTest.ConvertLegacyMainnetToCashAddr" computerName="localhost" duration="00:00:00.0007649" startTime="2020-08-14T23:55:21.3853385-03:00" endTime="2020-08-14T23:55:21.3853390-03:00" testType="13cdc9d9-ddb5-4fa4-a97d-d965ccfc6d4b" outcome="Passed" testListId="8c84fa94-04c1-424b-9868-57a2d4851a1d" relativeResultsDirectory="e425a06d-b0d8-4f22-9e19-0bdf76eae66f" />
    <UnitTestResult executionId="c356ab56-00fe-477a-838c-11de37726712" testId="e4821c5f-1893-63ae-faf7-3cd1b32fb44f" testName="Knuth.Tests.PaymentAddressTest.MainnetCashAddrNoPrefixAddressOK" computerName="localhost" duration="00:00:00.0048258" startTime="2020-08-14T23:55:21.3695319-03:00" endTime="2020-08-14T23:55:21.3695322-03:00" testType="13cdc9d9-ddb5-4fa4-a97d-d965ccfc6d4b" outcome="Passed" testListId="8c84fa94-04c1-424b-9868-57a2d4851a1d" relativeResultsDirectory="c356ab56-00fe-477a-838c-11de37726712" />
    <UnitTestResult executionId="99bacb1f-754a-49cb-8cb0-058d828b7c35" testId="56777cdc-8e5d-eca3-d391-25a924680961" testName="Knuth.Tests.ChainTest.TestFetchBlockHeaderByHeight" computerName="localhost" duration="00:00:00.0010000" startTime="2020-08-14T23:55:25.1928570-03:00" endTime="2020-08-14T23:55:25.1928571-03:00" testType="13cdc9d9-ddb5-4fa4-a97d-d965ccfc6d4b" outcome="Failed" testListId="8c84fa94-04c1-424b-9868-57a2d4851a1d" relativeResultsDirectory="99bacb1f-754a-49cb-8cb0-058d828b7c35">
      <Output>
        <ErrorInfo>
          <Message>System.AggregateException : One or more errors occurred. (Executor::InitAndRunAsync failed, check log) (The following constructor parameters did not have matching fixture data: ExecutorFixture fixture)
---- System.InvalidOperationException : Executor::InitAndRunAsync failed, check log
---- The following constructor parameters did not have matching fixture data: ExecutorFixture fixture</Message>
          <StackTrace>
----- Inner Stack Trace #1 (System.InvalidOperationException) -----
   at Knuth.Tests.ExecutorFixture..ctor() in /home/fernando/dev/kth/cs-api/tests/bch/ExecutorFixture.cs:line 15
----- Inner Stack Trace #2 (Xunit.Sdk.TestClassException) -----
</StackTrace>
        </ErrorInfo>
      </Output>
    </UnitTestResult>
    <UnitTestResult executionId="6245c6d9-b81a-40b2-8db5-b35144012158" testId="f148f1f4-837b-db8f-822b-60a2e9d261c0" testName="Knuth.Tests.ChainTest.TestFetchBlockByHeight" computerName="localhost" duration="00:00:00.0010000" startTime="2020-08-14T23:55:25.1814059-03:00" endTime="2020-08-14T23:55:25.1814061-03:00" testType="13cdc9d9-ddb5-4fa4-a97d-d965ccfc6d4b" outcome="Failed" testListId="8c84fa94-04c1-424b-9868-57a2d4851a1d" relativeResultsDirectory="6245c6d9-b81a-40b2-8db5-b35144012158">
      <Output>
        <ErrorInfo>
          <Message>System.AggregateException : One or more errors occurred. (Executor::InitAndRunAsync failed, check log) (The following constructor parameters did not have matching fixture data: ExecutorFixture fixture)
---- System.InvalidOperationException : Executor::InitAndRunAsync failed, check log
---- The following constructor parameters did not have matching fixture data: ExecutorFixture fixture</Message>
          <StackTrace>
----- Inner Stack Trace #1 (System.InvalidOperationException) -----
   at Knuth.Tests.ExecutorFixture..ctor() in /home/fernando/dev/kth/cs-api/tests/bch/ExecutorFixture.cs:line 15
----- Inner Stack Trace #2 (Xunit.Sdk.TestClassException) -----
</StackTrace>
        </ErrorInfo>
      </Output>
    </UnitTestResult>
    <UnitTestResult executionId="5a0e66fe-ad5c-4ac8-b0b4-b71ee99fdbd0" testId="1898d15e-7223-20fa-d902-616ac3da1142" testName="Knuth.Tests.ChainTest.FetchBlockByHeightHashTimestampAsync" computerName="localhost" duration="00:00:00.0010000" startTime="2020-08-14T23:55:25.1816812-03:00" endTime="2020-08-14T23:55:25.1816814-03:00" testType="13cdc9d9-ddb5-4fa4-a97d-d965ccfc6d4b" outcome="Failed" testListId="8c84fa94-04c1-424b-9868-57a2d4851a1d" relativeResultsDirectory="5a0e66fe-ad5c-4ac8-b0b4-b71ee99fdbd0">
      <Output>
        <ErrorInfo>
          <Message>System.AggregateException : One or more errors occurred. (Executor::InitAndRunAsync failed, check log) (The following constructor parameters did not have matching fixture data: ExecutorFixture fixture)
---- System.InvalidOperationException : Executor::InitAndRunAsync failed, check log
---- The following constructor parameters did not have matching fixture data: ExecutorFixture fixture</Message>
          <StackTrace>
----- Inner Stack Trace #1 (System.InvalidOperationException) -----
   at Knuth.Tests.ExecutorFixture..ctor() in /home/fernando/dev/kth/cs-api/tests/bch/ExecutorFixture.cs:line 15
----- Inner Stack Trace #2 (Xunit.Sdk.TestClassException) -----
</StackTrace>
        </ErrorInfo>
      </Output>
    </UnitTestResult>
    <UnitTestResult executionId="e4417ca8-140d-46d2-b8ab-ead4b2b31348" testId="516b89b7-f117-4ed1-0828-a8acac6b616b" testName="Knuth.Tests.ChainTest.TestFetchSpend" computerName="localhost" duration="00:00:00.0010000" startTime="2020-08-14T23:55:25.1819534-03:00" endTime="2020-08-14T23:55:25.1819536-03:00" testType="13cdc9d9-ddb5-4fa4-a97d-d965ccfc6d4b" outcome="Failed" testListId="8c84fa94-04c1-424b-9868-57a2d4851a1d" relativeResultsDirectory="e4417ca8-140d-46d2-b8ab-ead4b2b31348">
      <Output>
        <ErrorInfo>
          <Message>System.AggregateException : One or more errors occurred. (Executor::InitAndRunAsync failed, check log) (The following constructor parameters did not have matching fixture data: ExecutorFixture fixture)
---- System.InvalidOperationException : Executor::InitAndRunAsync failed, check log
---- The following constructor parameters did not have matching fixture data: ExecutorFixture fixture</Message>
          <StackTrace>
----- Inner Stack Trace #1 (System.InvalidOperationException) -----
   at Knuth.Tests.ExecutorFixture..ctor() in /home/fernando/dev/kth/cs-api/tests/bch/ExecutorFixture.cs:line 15
----- Inner Stack Trace #2 (Xunit.Sdk.TestClassException) -----
</StackTrace>
        </ErrorInfo>
      </Output>
    </UnitTestResult>
    <UnitTestResult executionId="0892dc7e-89c5-4d97-8303-24927cd223a5" testId="6a9b0f0c-e57e-5b9c-a75a-030778052eb8" testName="Knuth.Tests.ChainTest.TestFetchBlockByHash" computerName="localhost" duration="00:00:00.0010000" startTime="2020-08-14T23:55:25.1815445-03:00" endTime="2020-08-14T23:55:25.1815447-03:00" testType="13cdc9d9-ddb5-4fa4-a97d-d965ccfc6d4b" outcome="Failed" testListId="8c84fa94-04c1-424b-9868-57a2d4851a1d" relativeResultsDirectory="0892dc7e-89c5-4d97-8303-24927cd223a5">
      <Output>
        <ErrorInfo>
          <Message>System.AggregateException : One or more errors occurred. (Executor::InitAndRunAsync failed, check log) (The following constructor parameters did not have matching fixture data: ExecutorFixture fixture)
---- System.InvalidOperationException : Executor::InitAndRunAsync failed, check log
---- The following constructor parameters did not have matching fixture data: ExecutorFixture fixture</Message>
          <StackTrace>
----- Inner Stack Trace #1 (System.InvalidOperationException) -----
   at Knuth.Tests.ExecutorFixture..ctor() in /home/fernando/dev/kth/cs-api/tests/bch/ExecutorFixture.cs:line 15
----- Inner Stack Trace #2 (Xunit.Sdk.TestClassException) -----
</StackTrace>
        </ErrorInfo>
      </Output>
    </UnitTestResult>
    <UnitTestResult executionId="ca9de309-799c-4ee4-8d6e-d12566b8be26" testId="d59c371a-6ffb-3a8a-bbf6-ca4f695b78e9" testName="Knuth.Tests.ChainTest.FetchHistoryAsync" computerName="localhost" duration="00:00:00.0010000" startTime="2020-08-14T23:55:25.1812321-03:00" endTime="2020-08-14T23:55:25.1812323-03:00" testType="13cdc9d9-ddb5-4fa4-a97d-d965ccfc6d4b" outcome="Failed" testListId="8c84fa94-04c1-424b-9868-57a2d4851a1d" relativeResultsDirectory="ca9de309-799c-4ee4-8d6e-d12566b8be26">
      <Output>
        <ErrorInfo>
          <Message>System.AggregateException : One or more errors occurred. (Executor::InitAndRunAsync failed, check log) (The following constructor parameters did not have matching fixture data: ExecutorFixture fixture)
---- System.InvalidOperationException : Executor::InitAndRunAsync failed, check log
---- The following constructor parameters did not have matching fixture data: ExecutorFixture fixture</Message>
          <StackTrace>
----- Inner Stack Trace #1 (System.InvalidOperationException) -----
   at Knuth.Tests.ExecutorFixture..ctor() in /home/fernando/dev/kth/cs-api/tests/bch/ExecutorFixture.cs:line 15
----- Inner Stack Trace #2 (Xunit.Sdk.TestClassException) -----
</StackTrace>
        </ErrorInfo>
      </Output>
    </UnitTestResult>
  </Results>
  <TestDefinitions>
    <UnitTest name="Knuth.Tests.ChainTest.TestFetchBlockHeaderByHeight" storage="/home/fernando/dev/kth/cs-api/tests/bch/bin/debug/netcoreapp3.1/tests.bch.dll" id="56777cdc-8e5d-eca3-d391-25a924680961">
      <Execution id="99bacb1f-754a-49cb-8cb0-058d828b7c35" />
      <TestMethod codeBase="/home/fernando/dev/kth/cs-api/tests/bch/bin/Debug/netcoreapp3.1/tests.bch.dll" adapterTypeName="executor://xunit/VsTestRunner2" className="Knuth.Tests.ChainTest" name="TestFetchBlockHeaderByHeight" />
    </UnitTest>
    <UnitTest name="Knuth.Tests.ChainTest.FetchBlockByHeightHashTimestampAsync" storage="/home/fernando/dev/kth/cs-api/tests/bch/bin/debug/netcoreapp3.1/tests.bch.dll" id="1898d15e-7223-20fa-d902-616ac3da1142">
      <Execution id="5a0e66fe-ad5c-4ac8-b0b4-b71ee99fdbd0" />
      <TestMethod codeBase="/home/fernando/dev/kth/cs-api/tests/bch/bin/Debug/netcoreapp3.1/tests.bch.dll" adapterTypeName="executor://xunit/VsTestRunner2" className="Knuth.Tests.ChainTest" name="FetchBlockByHeightHashTimestampAsync" />
    </UnitTest>
    <UnitTest name="Knuth.Tests.ChainTest.TestFetchBlockHeightAsync" storage="/home/fernando/dev/kth/cs-api/tests/bch/bin/debug/netcoreapp3.1/tests.bch.dll" id="57f6c355-f501-8c06-227c-b4b7aab874fe">
      <Execution id="475879c9-7b8f-42a9-bbc1-a25ad2c656e8" />
      <TestMethod codeBase="/home/fernando/dev/kth/cs-api/tests/bch/bin/Debug/netcoreapp3.1/tests.bch.dll" adapterTypeName="executor://xunit/VsTestRunner2" className="Knuth.Tests.ChainTest" name="TestFetchBlockHeightAsync" />
    </UnitTest>
    <UnitTest name="Knuth.Tests.AddressConversionTest.ShouldThrowOnEmptyLegacyAddr" storage="/home/fernando/dev/kth/cs-api/tests/bch/bin/debug/netcoreapp3.1/tests.bch.dll" id="7e3ed57b-7406-032d-22c3-a90ddb044ce2">
      <Execution id="6eb9b123-b4e7-4f81-addb-caa210582c5d" />
      <TestMethod codeBase="/home/fernando/dev/kth/cs-api/tests/bch/bin/Debug/netcoreapp3.1/tests.bch.dll" adapterTypeName="executor://xunit/VsTestRunner2" className="Knuth.Tests.AddressConversionTest" name="ShouldThrowOnEmptyLegacyAddr" />
    </UnitTest>
    <UnitTest name="Knuth.Tests.AddressConversionTest.ConvertTestnetLegacyToCashAddr" storage="/home/fernando/dev/kth/cs-api/tests/bch/bin/debug/netcoreapp3.1/tests.bch.dll" id="9c22990c-ad71-6621-2d23-0f1e6de0c618">
      <Execution id="7c8635eb-5467-4c82-9e39-a39c4e0fc9a6" />
      <TestMethod codeBase="/home/fernando/dev/kth/cs-api/tests/bch/bin/Debug/netcoreapp3.1/tests.bch.dll" adapterTypeName="executor://xunit/VsTestRunner2" className="Knuth.Tests.AddressConversionTest" name="ConvertTestnetLegacyToCashAddr" />
    </UnitTest>
    <UnitTest name="Knuth.Tests.AddressConversionTest.ShouldThrowOnEmptyCashAddr" storage="/home/fernando/dev/kth/cs-api/tests/bch/bin/debug/netcoreapp3.1/tests.bch.dll" id="edec631c-16cd-e334-9bbb-de079b46ee66">
      <Execution id="92c1544e-1bbe-4273-8a7f-0f86f0ccff1a" />
      <TestMethod codeBase="/home/fernando/dev/kth/cs-api/tests/bch/bin/Debug/netcoreapp3.1/tests.bch.dll" adapterTypeName="executor://xunit/VsTestRunner2" className="Knuth.Tests.AddressConversionTest" name="ShouldThrowOnEmptyCashAddr" />
    </UnitTest>
    <UnitTest name="Knuth.Tests.ChainTest.TestFetchSpend" storage="/home/fernando/dev/kth/cs-api/tests/bch/bin/debug/netcoreapp3.1/tests.bch.dll" id="516b89b7-f117-4ed1-0828-a8acac6b616b">
      <Execution id="e4417ca8-140d-46d2-b8ab-ead4b2b31348" />
      <TestMethod codeBase="/home/fernando/dev/kth/cs-api/tests/bch/bin/Debug/netcoreapp3.1/tests.bch.dll" adapterTypeName="executor://xunit/VsTestRunner2" className="Knuth.Tests.ChainTest" name="TestFetchSpend" />
    </UnitTest>
    <UnitTest name="Knuth.Tests.PaymentAddressTest.MainnetCashAddrAddressOK" storage="/home/fernando/dev/kth/cs-api/tests/bch/bin/debug/netcoreapp3.1/tests.bch.dll" id="ac04339f-2180-85c4-b788-ea95c62878ca">
      <Execution id="e00714a0-da36-44a8-80ea-0e45f7a61f32" />
      <TestMethod codeBase="/home/fernando/dev/kth/cs-api/tests/bch/bin/Debug/netcoreapp3.1/tests.bch.dll" adapterTypeName="executor://xunit/VsTestRunner2" className="Knuth.Tests.PaymentAddressTest" name="MainnetCashAddrAddressOK" />
    </UnitTest>
    <UnitTest name="Knuth.Tests.PaymentAddressTest.InvalidAddressShouldFail" storage="/home/fernando/dev/kth/cs-api/tests/bch/bin/debug/netcoreapp3.1/tests.bch.dll" id="83544b7e-96de-58bb-c8f9-5f18e01b7d20">
      <Execution id="521eac48-ed17-4cbb-af51-3a7031b85ac4" />
      <TestMethod codeBase="/home/fernando/dev/kth/cs-api/tests/bch/bin/Debug/netcoreapp3.1/tests.bch.dll" adapterTypeName="executor://xunit/VsTestRunner2" className="Knuth.Tests.PaymentAddressTest" name="InvalidAddressShouldFail" />
    </UnitTest>
    <UnitTest name="Knuth.Tests.PaymentAddressTest.EmptyAddressShouldFail" storage="/home/fernando/dev/kth/cs-api/tests/bch/bin/debug/netcoreapp3.1/tests.bch.dll" id="2b77000f-bc78-69bb-4dd0-ae3a31c89c15">
      <Execution id="fab08d7f-bafa-422e-82ec-2945122e3cda" />
      <TestMethod codeBase="/home/fernando/dev/kth/cs-api/tests/bch/bin/Debug/netcoreapp3.1/tests.bch.dll" adapterTypeName="executor://xunit/VsTestRunner2" className="Knuth.Tests.PaymentAddressTest" name="EmptyAddressShouldFail" />
    </UnitTest>
    <UnitTest name="Knuth.Tests.ChainTest.TestFetchBlockHeaderByHash" storage="/home/fernando/dev/kth/cs-api/tests/bch/bin/debug/netcoreapp3.1/tests.bch.dll" id="e02b8adf-5e0d-6cb4-018b-b0d65ad94636">
      <Execution id="58f66e70-919c-4b69-bb77-d9f1635ce487" />
      <TestMethod codeBase="/home/fernando/dev/kth/cs-api/tests/bch/bin/Debug/netcoreapp3.1/tests.bch.dll" adapterTypeName="executor://xunit/VsTestRunner2" className="Knuth.Tests.ChainTest" name="TestFetchBlockHeaderByHash" />
    </UnitTest>
    <UnitTest name="Knuth.Tests.ValidationsTest.TestCashAddressValidation" storage="/home/fernando/dev/kth/cs-api/tests/bch/bin/debug/netcoreapp3.1/tests.bch.dll" id="a10da681-b460-1114-5d50-46e2b3f9fa44">
      <Execution id="1b7274fe-977f-45e0-a390-3213463b0bb8" />
      <TestMethod codeBase="/home/fernando/dev/kth/cs-api/tests/bch/bin/Debug/netcoreapp3.1/tests.bch.dll" adapterTypeName="executor://xunit/VsTestRunner2" className="Knuth.Tests.ValidationsTest" name="TestCashAddressValidation" />
    </UnitTest>
    <UnitTest name="Knuth.Tests.AddressConversionTest.ConvertMainnetCashAddrToLegacy" storage="/home/fernando/dev/kth/cs-api/tests/bch/bin/debug/netcoreapp3.1/tests.bch.dll" id="b1f608e6-ff87-ace3-d330-15b0531558df">
      <Execution id="6d995b2f-1ab2-46a7-aa3a-996d666f9e10" />
      <TestMethod codeBase="/home/fernando/dev/kth/cs-api/tests/bch/bin/Debug/netcoreapp3.1/tests.bch.dll" adapterTypeName="executor://xunit/VsTestRunner2" className="Knuth.Tests.AddressConversionTest" name="ConvertMainnetCashAddrToLegacy" />
    </UnitTest>
    <UnitTest name="Knuth.Tests.ChainTest.TestFetchTransactionPosition" storage="/home/fernando/dev/kth/cs-api/tests/bch/bin/debug/netcoreapp3.1/tests.bch.dll" id="278c927c-6d69-e0c7-b8f7-5e95bcf9abcf">
      <Execution id="c8029d38-15f4-478f-b8c3-3d1fee67130e" />
      <TestMethod codeBase="/home/fernando/dev/kth/cs-api/tests/bch/bin/Debug/netcoreapp3.1/tests.bch.dll" adapterTypeName="executor://xunit/VsTestRunner2" className="Knuth.Tests.ChainTest" name="TestFetchTransactionPosition" />
    </UnitTest>
    <UnitTest name="Knuth.Tests.AddressConversionTest.ConvertTestnetLegacyToCashAddrNoPrefix" storage="/home/fernando/dev/kth/cs-api/tests/bch/bin/debug/netcoreapp3.1/tests.bch.dll" id="540b9988-3c2d-bec3-9662-ea52076b4e00">
      <Execution id="ec9fdaee-b8e6-4e06-9e7d-d3831206304e" />
      <TestMethod codeBase="/home/fernando/dev/kth/cs-api/tests/bch/bin/Debug/netcoreapp3.1/tests.bch.dll" adapterTypeName="executor://xunit/VsTestRunner2" className="Knuth.Tests.AddressConversionTest" name="ConvertTestnetLegacyToCashAddrNoPrefix" />
    </UnitTest>
    <UnitTest name="Knuth.Tests.ValidationsTest.TestAddressValidation" storage="/home/fernando/dev/kth/cs-api/tests/bch/bin/debug/netcoreapp3.1/tests.bch.dll" id="cd543545-0039-9b33-b3f4-b497ac71e6af">
      <Execution id="b7aa344c-ba4e-422d-833a-18faa2b7e624" />
      <TestMethod codeBase="/home/fernando/dev/kth/cs-api/tests/bch/bin/Debug/netcoreapp3.1/tests.bch.dll" adapterTypeName="executor://xunit/VsTestRunner2" className="Knuth.Tests.ValidationsTest" name="TestAddressValidation" />
    </UnitTest>
    <UnitTest name="Knuth.Tests.ChainTest.TestFetchLastHeight" storage="/home/fernando/dev/kth/cs-api/tests/bch/bin/debug/netcoreapp3.1/tests.bch.dll" id="e2e4f607-7565-0706-6678-cd98a7a9d54d">
      <Execution id="cd662036-0caf-4604-b847-6ff518ee3b21" />
      <TestMethod codeBase="/home/fernando/dev/kth/cs-api/tests/bch/bin/Debug/netcoreapp3.1/tests.bch.dll" adapterTypeName="executor://xunit/VsTestRunner2" className="Knuth.Tests.ChainTest" name="TestFetchLastHeight" />
    </UnitTest>
    <UnitTest name="Knuth.Tests.AddressConversionTest.ConvertLegacyTestnetToCashAddr" storage="/home/fernando/dev/kth/cs-api/tests/bch/bin/debug/netcoreapp3.1/tests.bch.dll" id="26380a64-a2e2-d0e0-2f0f-54a5c2633c38">
      <Execution id="fb480534-2317-47bb-89c5-abe920f9207a" />
      <TestMethod codeBase="/home/fernando/dev/kth/cs-api/tests/bch/bin/Debug/netcoreapp3.1/tests.bch.dll" adapterTypeName="executor://xunit/VsTestRunner2" className="Knuth.Tests.AddressConversionTest" name="ConvertLegacyTestnetToCashAddr" />
    </UnitTest>
    <UnitTest name="Knuth.Tests.AddressConversionTest.ShouldThrowIfConvertingLegacyAddrToLegacyAddr" storage="/home/fernando/dev/kth/cs-api/tests/bch/bin/debug/netcoreapp3.1/tests.bch.dll" id="34e8a7be-42fd-c1d9-81d8-b1b7e7b30c6b">
      <Execution id="22ffdfa8-d983-408a-b5c6-53ec493fa0c0" />
      <TestMethod codeBase="/home/fernando/dev/kth/cs-api/tests/bch/bin/Debug/netcoreapp3.1/tests.bch.dll" adapterTypeName="executor://xunit/VsTestRunner2" className="Knuth.Tests.AddressConversionTest" name="ShouldThrowIfConvertingLegacyAddrToLegacyAddr" />
    </UnitTest>
    <UnitTest name="Knuth.Tests.ChainTest.IsStale" storage="/home/fernando/dev/kth/cs-api/tests/bch/bin/debug/netcoreapp3.1/tests.bch.dll" id="f5a7ef8b-9250-1a52-c8b6-023f80bde37b">
      <Execution id="f8f74b52-32c6-4d19-925b-705e29172f66" />
      <TestMethod codeBase="/home/fernando/dev/kth/cs-api/tests/bch/bin/Debug/netcoreapp3.1/tests.bch.dll" adapterTypeName="executor://xunit/VsTestRunner2" className="Knuth.Tests.ChainTest" name="IsStale" />
    </UnitTest>
    <UnitTest name="Knuth.Tests.ChainTest.TestFetchBlockByHash170" storage="/home/fernando/dev/kth/cs-api/tests/bch/bin/debug/netcoreapp3.1/tests.bch.dll" id="91846566-4d59-cb89-e1f8-5ee9c078b5ac">
      <Execution id="15445806-6af0-4008-9c71-e5d4db24386f" />
      <TestMethod codeBase="/home/fernando/dev/kth/cs-api/tests/bch/bin/Debug/netcoreapp3.1/tests.bch.dll" adapterTypeName="executor://xunit/VsTestRunner2" className="Knuth.Tests.ChainTest" name="TestFetchBlockByHash170" />
    </UnitTest>
    <UnitTest name="Knuth.Tests.PaymentAddressTest.WhitespaceAddressShouldFail" storage="/home/fernando/dev/kth/cs-api/tests/bch/bin/debug/netcoreapp3.1/tests.bch.dll" id="508cbb8b-6ab0-3a50-b84a-b6a8718e0098">
      <Execution id="42adb2a2-4a29-4d5c-8434-be0c117e1736" />
      <TestMethod codeBase="/home/fernando/dev/kth/cs-api/tests/bch/bin/Debug/netcoreapp3.1/tests.bch.dll" adapterTypeName="executor://xunit/VsTestRunner2" className="Knuth.Tests.PaymentAddressTest" name="WhitespaceAddressShouldFail" />
    </UnitTest>
    <UnitTest name="Knuth.Tests.ChainTest.FetchHistoryAsync" storage="/home/fernando/dev/kth/cs-api/tests/bch/bin/debug/netcoreapp3.1/tests.bch.dll" id="d59c371a-6ffb-3a8a-bbf6-ca4f695b78e9">
      <Execution id="ca9de309-799c-4ee4-8d6e-d12566b8be26" />
      <TestMethod codeBase="/home/fernando/dev/kth/cs-api/tests/bch/bin/Debug/netcoreapp3.1/tests.bch.dll" adapterTypeName="executor://xunit/VsTestRunner2" className="Knuth.Tests.ChainTest" name="FetchHistoryAsync" />
    </UnitTest>
    <UnitTest name="Knuth.Tests.ChainTest.TestFetchTransactionGenesis" storage="/home/fernando/dev/kth/cs-api/tests/bch/bin/debug/netcoreapp3.1/tests.bch.dll" id="0cf47bd7-c934-5024-742e-71a781ff30c0">
      <Execution id="a9506c95-e3e4-4815-8a41-c01fbb53c7f6" />
      <TestMethod codeBase="/home/fernando/dev/kth/cs-api/tests/bch/bin/Debug/netcoreapp3.1/tests.bch.dll" adapterTypeName="executor://xunit/VsTestRunner2" className="Knuth.Tests.ChainTest" name="TestFetchTransactionGenesis" />
    </UnitTest>
    <UnitTest name="Knuth.Tests.ChainTest.ValidateTransactionAsync" storage="/home/fernando/dev/kth/cs-api/tests/bch/bin/debug/netcoreapp3.1/tests.bch.dll" id="3a2ae4d8-f670-b669-524d-108122a8571a">
      <Execution id="ff7628bf-30db-4e5c-8489-d08dfa8da527" />
      <TestMethod codeBase="/home/fernando/dev/kth/cs-api/tests/bch/bin/Debug/netcoreapp3.1/tests.bch.dll" adapterTypeName="executor://xunit/VsTestRunner2" className="Knuth.Tests.ChainTest" name="ValidateTransactionAsync" />
    </UnitTest>
    <UnitTest name="Knuth.Tests.AddressConversionTest.ConvertTestnetCashAddrToLegacy" storage="/home/fernando/dev/kth/cs-api/tests/bch/bin/debug/netcoreapp3.1/tests.bch.dll" id="be658d35-3a2a-8f3f-c336-fa6b669ccd56">
      <Execution id="1fe3730f-5da4-4265-abfb-9b3a08e7526b" />
      <TestMethod codeBase="/home/fernando/dev/kth/cs-api/tests/bch/bin/Debug/netcoreapp3.1/tests.bch.dll" adapterTypeName="executor://xunit/VsTestRunner2" className="Knuth.Tests.AddressConversionTest" name="ConvertTestnetCashAddrToLegacy" />
    </UnitTest>
    <UnitTest name="Knuth.Tests.ValidationsTest.TestHashValidation" storage="/home/fernando/dev/kth/cs-api/tests/bch/bin/debug/netcoreapp3.1/tests.bch.dll" id="af58aad3-92a1-0d8b-3941-b055a59205f6">
      <Execution id="ba1f4907-ba94-4f4f-b440-41ba7dc4ab03" />
      <TestMethod codeBase="/home/fernando/dev/kth/cs-api/tests/bch/bin/Debug/netcoreapp3.1/tests.bch.dll" adapterTypeName="executor://xunit/VsTestRunner2" className="Knuth.Tests.ValidationsTest" name="TestHashValidation" />
    </UnitTest>
    <UnitTest name="Knuth.Tests.ChainTest.CreateBlockFromHex" storage="/home/fernando/dev/kth/cs-api/tests/bch/bin/debug/netcoreapp3.1/tests.bch.dll" id="b93f75b1-0372-e9a8-b7f5-a29441501e57">
      <Execution id="2c9889ec-b3d6-4b4d-ad38-8472c1bb6d05" />
      <TestMethod codeBase="/home/fernando/dev/kth/cs-api/tests/bch/bin/Debug/netcoreapp3.1/tests.bch.dll" adapterTypeName="executor://xunit/VsTestRunner2" className="Knuth.Tests.ChainTest" name="CreateBlockFromHex" />
    </UnitTest>
    <UnitTest name="Knuth.Tests.ChainTest.TestFetchMerkleBlockByHash" storage="/home/fernando/dev/kth/cs-api/tests/bch/bin/debug/netcoreapp3.1/tests.bch.dll" id="19ddf564-6dfc-f8fe-6f76-ff547cbf2610">
      <Execution id="c584849b-b7c1-400d-a3c2-5d5b0b22f522" />
      <TestMethod codeBase="/home/fernando/dev/kth/cs-api/tests/bch/bin/Debug/netcoreapp3.1/tests.bch.dll" adapterTypeName="executor://xunit/VsTestRunner2" className="Knuth.Tests.ChainTest" name="TestFetchMerkleBlockByHash" />
    </UnitTest>
    <UnitTest name="Knuth.Tests.ChainTest.OrganizeBlockAsync" storage="/home/fernando/dev/kth/cs-api/tests/bch/bin/debug/netcoreapp3.1/tests.bch.dll" id="3033640e-eb7e-c402-71e5-9eac50dcbf05">
      <Execution id="8841ae29-72f9-4ac9-8b1a-e927d7fac51b" />
      <TestMethod codeBase="/home/fernando/dev/kth/cs-api/tests/bch/bin/Debug/netcoreapp3.1/tests.bch.dll" adapterTypeName="executor://xunit/VsTestRunner2" className="Knuth.Tests.ChainTest" name="OrganizeBlockAsync" />
    </UnitTest>
    <UnitTest name="Knuth.Tests.AddressConversionTest.ConvertMainnetLegacyToCashAddrNoPrefix" storage="/home/fernando/dev/kth/cs-api/tests/bch/bin/debug/netcoreapp3.1/tests.bch.dll" id="ce1842cd-bfe1-27c8-7b0e-a28952f165db">
      <Execution id="13e7957c-b6d5-4317-8037-fd515b2f9a1b" />
      <TestMethod codeBase="/home/fernando/dev/kth/cs-api/tests/bch/bin/Debug/netcoreapp3.1/tests.bch.dll" adapterTypeName="executor://xunit/VsTestRunner2" className="Knuth.Tests.AddressConversionTest" name="ConvertMainnetLegacyToCashAddrNoPrefix" />
    </UnitTest>
    <UnitTest name="Knuth.Tests.ChainTest.OrganizeTransactionAsync" storage="/home/fernando/dev/kth/cs-api/tests/bch/bin/debug/netcoreapp3.1/tests.bch.dll" id="a3b10945-fb3d-785a-fac9-470497621adb">
      <Execution id="df495d6c-8340-40d0-9a76-fcb897d59ae9" />
      <TestMethod codeBase="/home/fernando/dev/kth/cs-api/tests/bch/bin/Debug/netcoreapp3.1/tests.bch.dll" adapterTypeName="executor://xunit/VsTestRunner2" className="Knuth.Tests.ChainTest" name="OrganizeTransactionAsync" />
    </UnitTest>
    <UnitTest name="Knuth.Tests.ChainTest.FetchConfirmedTransactionsAsync" storage="/home/fernando/dev/kth/cs-api/tests/bch/bin/debug/netcoreapp3.1/tests.bch.dll" id="8398c73a-90f2-6edc-0c0c-fb2e821b3789">
      <Execution id="bcdf7fbb-fec5-40e3-90a3-a5e1b4281638" />
      <TestMethod codeBase="/home/fernando/dev/kth/cs-api/tests/bch/bin/Debug/netcoreapp3.1/tests.bch.dll" adapterTypeName="executor://xunit/VsTestRunner2" className="Knuth.Tests.ChainTest" name="FetchConfirmedTransactionsAsync" />
    </UnitTest>
    <UnitTest name="Knuth.Tests.ChainTest.GetMempoolTransactions" storage="/home/fernando/dev/kth/cs-api/tests/bch/bin/debug/netcoreapp3.1/tests.bch.dll" id="701b1e55-27d6-db51-0418-23b104122ac2">
      <Execution id="609be78a-459b-4939-b638-d50c9c9fe4e8" />
      <TestMethod codeBase="/home/fernando/dev/kth/cs-api/tests/bch/bin/Debug/netcoreapp3.1/tests.bch.dll" adapterTypeName="executor://xunit/VsTestRunner2" className="Knuth.Tests.ChainTest" name="GetMempoolTransactions" />
    </UnitTest>
    <UnitTest name="Knuth.Tests.ChainTest.TestFetchTransaction" storage="/home/fernando/dev/kth/cs-api/tests/bch/bin/debug/netcoreapp3.1/tests.bch.dll" id="758ee596-36ce-b1aa-4da8-5dd2bbd12248">
      <Execution id="2e48502b-e04b-4b02-9702-dd27aef3abda" />
      <TestMethod codeBase="/home/fernando/dev/kth/cs-api/tests/bch/bin/Debug/netcoreapp3.1/tests.bch.dll" adapterTypeName="executor://xunit/VsTestRunner2" className="Knuth.Tests.ChainTest" name="TestFetchTransaction" />
    </UnitTest>
    <UnitTest name="Knuth.Tests.ChainTest.FetchBlockHeaderByHashTxSizesAsync" storage="/home/fernando/dev/kth/cs-api/tests/bch/bin/debug/netcoreapp3.1/tests.bch.dll" id="c3173fde-6eb6-ec7f-4b0a-ee55a5056af3">
      <Execution id="4d4ec469-e415-47bc-ad11-b81dac74e05a" />
      <TestMethod codeBase="/home/fernando/dev/kth/cs-api/tests/bch/bin/Debug/netcoreapp3.1/tests.bch.dll" adapterTypeName="executor://xunit/VsTestRunner2" className="Knuth.Tests.ChainTest" name="FetchBlockHeaderByHashTxSizesAsync" />
    </UnitTest>
    <UnitTest name="Knuth.Tests.AddressConversionTest.ConvertMainnetLegacyToCashAddr" storage="/home/fernando/dev/kth/cs-api/tests/bch/bin/debug/netcoreapp3.1/tests.bch.dll" id="182f995e-0334-1004-0ebf-c2545e2aa5d3">
      <Execution id="04693330-2819-4d30-bfcc-cc61785d39f9" />
      <TestMethod codeBase="/home/fernando/dev/kth/cs-api/tests/bch/bin/Debug/netcoreapp3.1/tests.bch.dll" adapterTypeName="executor://xunit/VsTestRunner2" className="Knuth.Tests.AddressConversionTest" name="ConvertMainnetLegacyToCashAddr" />
    </UnitTest>
    <UnitTest name="Knuth.Tests.ChainTest.TestFetchBlockByHeight" storage="/home/fernando/dev/kth/cs-api/tests/bch/bin/debug/netcoreapp3.1/tests.bch.dll" id="f148f1f4-837b-db8f-822b-60a2e9d261c0">
      <Execution id="6245c6d9-b81a-40b2-8db5-b35144012158" />
      <TestMethod codeBase="/home/fernando/dev/kth/cs-api/tests/bch/bin/Debug/netcoreapp3.1/tests.bch.dll" adapterTypeName="executor://xunit/VsTestRunner2" className="Knuth.Tests.ChainTest" name="TestFetchBlockByHeight" />
    </UnitTest>
    <UnitTest name="Knuth.Tests.PaymentAddressTest.MainnetCashAddrNoPrefixAddressOK" storage="/home/fernando/dev/kth/cs-api/tests/bch/bin/debug/netcoreapp3.1/tests.bch.dll" id="e4821c5f-1893-63ae-faf7-3cd1b32fb44f">
      <Execution id="c356ab56-00fe-477a-838c-11de37726712" />
      <TestMethod codeBase="/home/fernando/dev/kth/cs-api/tests/bch/bin/Debug/netcoreapp3.1/tests.bch.dll" adapterTypeName="executor://xunit/VsTestRunner2" className="Knuth.Tests.PaymentAddressTest" name="MainnetCashAddrNoPrefixAddressOK" />
    </UnitTest>
    <UnitTest name="Knuth.Tests.AddressConversionTest.ConvertLegacyMainnetToCashAddrNoPrefix" storage="/home/fernando/dev/kth/cs-api/tests/bch/bin/debug/netcoreapp3.1/tests.bch.dll" id="64659af9-4437-aaf7-48ca-36db510c1cd3">
      <Execution id="89fbebfc-ce40-45e3-b718-07719c979167" />
      <TestMethod codeBase="/home/fernando/dev/kth/cs-api/tests/bch/bin/Debug/netcoreapp3.1/tests.bch.dll" adapterTypeName="executor://xunit/VsTestRunner2" className="Knuth.Tests.AddressConversionTest" name="ConvertLegacyMainnetToCashAddrNoPrefix" />
    </UnitTest>
    <UnitTest name="Knuth.Tests.ChainTest.TestFetchBlockByHash" storage="/home/fernando/dev/kth/cs-api/tests/bch/bin/debug/netcoreapp3.1/tests.bch.dll" id="6a9b0f0c-e57e-5b9c-a75a-030778052eb8">
      <Execution id="0892dc7e-89c5-4d97-8303-24927cd223a5" />
      <TestMethod codeBase="/home/fernando/dev/kth/cs-api/tests/bch/bin/Debug/netcoreapp3.1/tests.bch.dll" adapterTypeName="executor://xunit/VsTestRunner2" className="Knuth.Tests.ChainTest" name="TestFetchBlockByHash" />
    </UnitTest>
    <UnitTest name="Knuth.Tests.ExecutorTest.TestConfigInvalid" storage="/home/fernando/dev/kth/cs-api/tests/bch/bin/debug/netcoreapp3.1/tests.bch.dll" id="2b05f4c9-24c1-262d-e4b0-2cc4c00c05a7">
      <Execution id="d7dbcdc5-b376-4d52-a1f6-7723d6d2f9b0" />
      <TestMethod codeBase="/home/fernando/dev/kth/cs-api/tests/bch/bin/Debug/netcoreapp3.1/tests.bch.dll" adapterTypeName="executor://xunit/VsTestRunner2" className="Knuth.Tests.ExecutorTest" name="TestConfigInvalid" />
    </UnitTest>
    <UnitTest name="Knuth.Tests.ExecutorTest.TestConfigValid" storage="/home/fernando/dev/kth/cs-api/tests/bch/bin/debug/netcoreapp3.1/tests.bch.dll" id="2bfddb4b-a2f7-83da-1274-bc15c1f790aa">
      <Execution id="e8e3db4a-a352-4d5a-bbbb-6343e633fda9" />
      <TestMethod codeBase="/home/fernando/dev/kth/cs-api/tests/bch/bin/Debug/netcoreapp3.1/tests.bch.dll" adapterTypeName="executor://xunit/VsTestRunner2" className="Knuth.Tests.ExecutorTest" name="TestConfigValid" />
    </UnitTest>
    <UnitTest name="Knuth.Tests.AddressConversionTest.ShouldThrowIfConvertingCashAddrToCashAddr" storage="/home/fernando/dev/kth/cs-api/tests/bch/bin/debug/netcoreapp3.1/tests.bch.dll" id="703b124c-071a-ab46-468f-41548ed5619c">
      <Execution id="88fc46a8-7f50-4a3d-b9c3-10d607e1f8d3" />
      <TestMethod codeBase="/home/fernando/dev/kth/cs-api/tests/bch/bin/Debug/netcoreapp3.1/tests.bch.dll" adapterTypeName="executor://xunit/VsTestRunner2" className="Knuth.Tests.AddressConversionTest" name="ShouldThrowIfConvertingCashAddrToCashAddr" />
    </UnitTest>
    <UnitTest name="Knuth.Tests.ChainTest.TestFetchMerkleBlockByHeight" storage="/home/fernando/dev/kth/cs-api/tests/bch/bin/debug/netcoreapp3.1/tests.bch.dll" id="951d5be0-f136-6040-a466-0af420d912d0">
      <Execution id="31b046b1-45c8-4e16-becf-9bb25f5afb96" />
      <TestMethod codeBase="/home/fernando/dev/kth/cs-api/tests/bch/bin/Debug/netcoreapp3.1/tests.bch.dll" adapterTypeName="executor://xunit/VsTestRunner2" className="Knuth.Tests.ChainTest" name="TestFetchMerkleBlockByHeight" />
    </UnitTest>
    <UnitTest name="Knuth.Tests.AddressConversionTest.ConvertLegacyMainnetToCashAddr" storage="/home/fernando/dev/kth/cs-api/tests/bch/bin/debug/netcoreapp3.1/tests.bch.dll" id="b7fa0593-7d9b-9e08-7449-5684f8b3c88f">
      <Execution id="e425a06d-b0d8-4f22-9e19-0bdf76eae66f" />
      <TestMethod codeBase="/home/fernando/dev/kth/cs-api/tests/bch/bin/Debug/netcoreapp3.1/tests.bch.dll" adapterTypeName="executor://xunit/VsTestRunner2" className="Knuth.Tests.AddressConversionTest" name="ConvertLegacyMainnetToCashAddr" />
    </UnitTest>
    <UnitTest name="Knuth.Tests.PaymentAddressTest.MainnetLegacyAddressOK" storage="/home/fernando/dev/kth/cs-api/tests/bch/bin/debug/netcoreapp3.1/tests.bch.dll" id="fb485c04-2dd0-01c8-e0fe-2569638fbb74">
      <Execution id="f1c3636b-c6cc-48ac-af9f-ec73559dd7e5" />
      <TestMethod codeBase="/home/fernando/dev/kth/cs-api/tests/bch/bin/Debug/netcoreapp3.1/tests.bch.dll" adapterTypeName="executor://xunit/VsTestRunner2" className="Knuth.Tests.PaymentAddressTest" name="MainnetLegacyAddressOK" />
    </UnitTest>
    <UnitTest name="Knuth.Tests.AddressConversionTest.ConvertLegacyTestnetToCashAddrNoPrefix" storage="/home/fernando/dev/kth/cs-api/tests/bch/bin/debug/netcoreapp3.1/tests.bch.dll" id="e21eddb2-7246-f729-fca1-e637c3567f9b">
      <Execution id="6b3ae0b0-990a-4b6e-9fcb-c8bb742cabce" />
      <TestMethod codeBase="/home/fernando/dev/kth/cs-api/tests/bch/bin/Debug/netcoreapp3.1/tests.bch.dll" adapterTypeName="executor://xunit/VsTestRunner2" className="Knuth.Tests.AddressConversionTest" name="ConvertLegacyTestnetToCashAddrNoPrefix" />
    </UnitTest>
    <UnitTest name="Knuth.Tests.TransactionTest.TestCreateTransactionFromHexString" storage="/home/fernando/dev/kth/cs-api/tests/bch/bin/debug/netcoreapp3.1/tests.bch.dll" id="0fdee229-7f25-f524-f497-c7e9b1fac740">
      <Execution id="842b897f-8abb-4c53-b0f5-e729481a8317" />
      <TestMethod codeBase="/home/fernando/dev/kth/cs-api/tests/bch/bin/Debug/netcoreapp3.1/tests.bch.dll" adapterTypeName="executor://xunit/VsTestRunner2" className="Knuth.Tests.TransactionTest" name="TestCreateTransactionFromHexString" />
    </UnitTest>
  </TestDefinitions>
  <TestEntries>
    <TestEntry testId="540b9988-3c2d-bec3-9662-ea52076b4e00" executionId="ec9fdaee-b8e6-4e06-9e7d-d3831206304e" testListId="8c84fa94-04c1-424b-9868-57a2d4851a1d" />
    <TestEntry testId="2b05f4c9-24c1-262d-e4b0-2cc4c00c05a7" executionId="d7dbcdc5-b376-4d52-a1f6-7723d6d2f9b0" testListId="8c84fa94-04c1-424b-9868-57a2d4851a1d" />
    <TestEntry testId="91846566-4d59-cb89-e1f8-5ee9c078b5ac" executionId="15445806-6af0-4008-9c71-e5d4db24386f" testListId="8c84fa94-04c1-424b-9868-57a2d4851a1d" />
    <TestEntry testId="c3173fde-6eb6-ec7f-4b0a-ee55a5056af3" executionId="4d4ec469-e415-47bc-ad11-b81dac74e05a" testListId="8c84fa94-04c1-424b-9868-57a2d4851a1d" />
    <TestEntry testId="a10da681-b460-1114-5d50-46e2b3f9fa44" executionId="1b7274fe-977f-45e0-a390-3213463b0bb8" testListId="8c84fa94-04c1-424b-9868-57a2d4851a1d" />
    <TestEntry testId="b93f75b1-0372-e9a8-b7f5-a29441501e57" executionId="2c9889ec-b3d6-4b4d-ad38-8472c1bb6d05" testListId="8c84fa94-04c1-424b-9868-57a2d4851a1d" />
    <TestEntry testId="e02b8adf-5e0d-6cb4-018b-b0d65ad94636" executionId="58f66e70-919c-4b69-bb77-d9f1635ce487" testListId="8c84fa94-04c1-424b-9868-57a2d4851a1d" />
    <TestEntry testId="57f6c355-f501-8c06-227c-b4b7aab874fe" executionId="475879c9-7b8f-42a9-bbc1-a25ad2c656e8" testListId="8c84fa94-04c1-424b-9868-57a2d4851a1d" />
    <TestEntry testId="2bfddb4b-a2f7-83da-1274-bc15c1f790aa" executionId="e8e3db4a-a352-4d5a-bbbb-6343e633fda9" testListId="8c84fa94-04c1-424b-9868-57a2d4851a1d" />
    <TestEntry testId="3033640e-eb7e-c402-71e5-9eac50dcbf05" executionId="8841ae29-72f9-4ac9-8b1a-e927d7fac51b" testListId="8c84fa94-04c1-424b-9868-57a2d4851a1d" />
    <TestEntry testId="182f995e-0334-1004-0ebf-c2545e2aa5d3" executionId="04693330-2819-4d30-bfcc-cc61785d39f9" testListId="8c84fa94-04c1-424b-9868-57a2d4851a1d" />
    <TestEntry testId="83544b7e-96de-58bb-c8f9-5f18e01b7d20" executionId="521eac48-ed17-4cbb-af51-3a7031b85ac4" testListId="8c84fa94-04c1-424b-9868-57a2d4851a1d" />
    <TestEntry testId="758ee596-36ce-b1aa-4da8-5dd2bbd12248" executionId="2e48502b-e04b-4b02-9702-dd27aef3abda" testListId="8c84fa94-04c1-424b-9868-57a2d4851a1d" />
    <TestEntry testId="64659af9-4437-aaf7-48ca-36db510c1cd3" executionId="89fbebfc-ce40-45e3-b718-07719c979167" testListId="8c84fa94-04c1-424b-9868-57a2d4851a1d" />
    <TestEntry testId="0cf47bd7-c934-5024-742e-71a781ff30c0" executionId="a9506c95-e3e4-4815-8a41-c01fbb53c7f6" testListId="8c84fa94-04c1-424b-9868-57a2d4851a1d" />
    <TestEntry testId="ce1842cd-bfe1-27c8-7b0e-a28952f165db" executionId="13e7957c-b6d5-4317-8037-fd515b2f9a1b" testListId="8c84fa94-04c1-424b-9868-57a2d4851a1d" />
    <TestEntry testId="8398c73a-90f2-6edc-0c0c-fb2e821b3789" executionId="bcdf7fbb-fec5-40e3-90a3-a5e1b4281638" testListId="8c84fa94-04c1-424b-9868-57a2d4851a1d" />
    <TestEntry testId="0fdee229-7f25-f524-f497-c7e9b1fac740" executionId="842b897f-8abb-4c53-b0f5-e729481a8317" testListId="8c84fa94-04c1-424b-9868-57a2d4851a1d" />
    <TestEntry testId="a3b10945-fb3d-785a-fac9-470497621adb" executionId="df495d6c-8340-40d0-9a76-fcb897d59ae9" testListId="8c84fa94-04c1-424b-9868-57a2d4851a1d" />
    <TestEntry testId="19ddf564-6dfc-f8fe-6f76-ff547cbf2610" executionId="c584849b-b7c1-400d-a3c2-5d5b0b22f522" testListId="8c84fa94-04c1-424b-9868-57a2d4851a1d" />
    <TestEntry testId="be658d35-3a2a-8f3f-c336-fa6b669ccd56" executionId="1fe3730f-5da4-4265-abfb-9b3a08e7526b" testListId="8c84fa94-04c1-424b-9868-57a2d4851a1d" />
    <TestEntry testId="2b77000f-bc78-69bb-4dd0-ae3a31c89c15" executionId="fab08d7f-bafa-422e-82ec-2945122e3cda" testListId="8c84fa94-04c1-424b-9868-57a2d4851a1d" />
    <TestEntry testId="703b124c-071a-ab46-468f-41548ed5619c" executionId="88fc46a8-7f50-4a3d-b9c3-10d607e1f8d3" testListId="8c84fa94-04c1-424b-9868-57a2d4851a1d" />
    <TestEntry testId="e21eddb2-7246-f729-fca1-e637c3567f9b" executionId="6b3ae0b0-990a-4b6e-9fcb-c8bb742cabce" testListId="8c84fa94-04c1-424b-9868-57a2d4851a1d" />
    <TestEntry testId="cd543545-0039-9b33-b3f4-b497ac71e6af" executionId="b7aa344c-ba4e-422d-833a-18faa2b7e624" testListId="8c84fa94-04c1-424b-9868-57a2d4851a1d" />
    <TestEntry testId="e2e4f607-7565-0706-6678-cd98a7a9d54d" executionId="cd662036-0caf-4604-b847-6ff518ee3b21" testListId="8c84fa94-04c1-424b-9868-57a2d4851a1d" />
    <TestEntry testId="34e8a7be-42fd-c1d9-81d8-b1b7e7b30c6b" executionId="22ffdfa8-d983-408a-b5c6-53ec493fa0c0" testListId="8c84fa94-04c1-424b-9868-57a2d4851a1d" />
    <TestEntry testId="f5a7ef8b-9250-1a52-c8b6-023f80bde37b" executionId="f8f74b52-32c6-4d19-925b-705e29172f66" testListId="8c84fa94-04c1-424b-9868-57a2d4851a1d" />
    <TestEntry testId="701b1e55-27d6-db51-0418-23b104122ac2" executionId="609be78a-459b-4939-b638-d50c9c9fe4e8" testListId="8c84fa94-04c1-424b-9868-57a2d4851a1d" />
    <TestEntry testId="26380a64-a2e2-d0e0-2f0f-54a5c2633c38" executionId="fb480534-2317-47bb-89c5-abe920f9207a" testListId="8c84fa94-04c1-424b-9868-57a2d4851a1d" />
    <TestEntry testId="fb485c04-2dd0-01c8-e0fe-2569638fbb74" executionId="f1c3636b-c6cc-48ac-af9f-ec73559dd7e5" testListId="8c84fa94-04c1-424b-9868-57a2d4851a1d" />
    <TestEntry testId="af58aad3-92a1-0d8b-3941-b055a59205f6" executionId="ba1f4907-ba94-4f4f-b440-41ba7dc4ab03" testListId="8c84fa94-04c1-424b-9868-57a2d4851a1d" />
    <TestEntry testId="ac04339f-2180-85c4-b788-ea95c62878ca" executionId="e00714a0-da36-44a8-80ea-0e45f7a61f32" testListId="8c84fa94-04c1-424b-9868-57a2d4851a1d" />
    <TestEntry testId="9c22990c-ad71-6621-2d23-0f1e6de0c618" executionId="7c8635eb-5467-4c82-9e39-a39c4e0fc9a6" testListId="8c84fa94-04c1-424b-9868-57a2d4851a1d" />
    <TestEntry testId="edec631c-16cd-e334-9bbb-de079b46ee66" executionId="92c1544e-1bbe-4273-8a7f-0f86f0ccff1a" testListId="8c84fa94-04c1-424b-9868-57a2d4851a1d" />
    <TestEntry testId="278c927c-6d69-e0c7-b8f7-5e95bcf9abcf" executionId="c8029d38-15f4-478f-b8c3-3d1fee67130e" testListId="8c84fa94-04c1-424b-9868-57a2d4851a1d" />
    <TestEntry testId="508cbb8b-6ab0-3a50-b84a-b6a8718e0098" executionId="42adb2a2-4a29-4d5c-8434-be0c117e1736" testListId="8c84fa94-04c1-424b-9868-57a2d4851a1d" />
    <TestEntry testId="7e3ed57b-7406-032d-22c3-a90ddb044ce2" executionId="6eb9b123-b4e7-4f81-addb-caa210582c5d" testListId="8c84fa94-04c1-424b-9868-57a2d4851a1d" />
    <TestEntry testId="b1f608e6-ff87-ace3-d330-15b0531558df" executionId="6d995b2f-1ab2-46a7-aa3a-996d666f9e10" testListId="8c84fa94-04c1-424b-9868-57a2d4851a1d" />
    <TestEntry testId="3a2ae4d8-f670-b669-524d-108122a8571a" executionId="ff7628bf-30db-4e5c-8489-d08dfa8da527" testListId="8c84fa94-04c1-424b-9868-57a2d4851a1d" />
    <TestEntry testId="951d5be0-f136-6040-a466-0af420d912d0" executionId="31b046b1-45c8-4e16-becf-9bb25f5afb96" testListId="8c84fa94-04c1-424b-9868-57a2d4851a1d" />
    <TestEntry testId="b7fa0593-7d9b-9e08-7449-5684f8b3c88f" executionId="e425a06d-b0d8-4f22-9e19-0bdf76eae66f" testListId="8c84fa94-04c1-424b-9868-57a2d4851a1d" />
    <TestEntry testId="e4821c5f-1893-63ae-faf7-3cd1b32fb44f" executionId="c356ab56-00fe-477a-838c-11de37726712" testListId="8c84fa94-04c1-424b-9868-57a2d4851a1d" />
    <TestEntry testId="56777cdc-8e5d-eca3-d391-25a924680961" executionId="99bacb1f-754a-49cb-8cb0-058d828b7c35" testListId="8c84fa94-04c1-424b-9868-57a2d4851a1d" />
    <TestEntry testId="f148f1f4-837b-db8f-822b-60a2e9d261c0" executionId="6245c6d9-b81a-40b2-8db5-b35144012158" testListId="8c84fa94-04c1-424b-9868-57a2d4851a1d" />
    <TestEntry testId="1898d15e-7223-20fa-d902-616ac3da1142" executionId="5a0e66fe-ad5c-4ac8-b0b4-b71ee99fdbd0" testListId="8c84fa94-04c1-424b-9868-57a2d4851a1d" />
    <TestEntry testId="516b89b7-f117-4ed1-0828-a8acac6b616b" executionId="e4417ca8-140d-46d2-b8ab-ead4b2b31348" testListId="8c84fa94-04c1-424b-9868-57a2d4851a1d" />
    <TestEntry testId="6a9b0f0c-e57e-5b9c-a75a-030778052eb8" executionId="0892dc7e-89c5-4d97-8303-24927cd223a5" testListId="8c84fa94-04c1-424b-9868-57a2d4851a1d" />
    <TestEntry testId="d59c371a-6ffb-3a8a-bbf6-ca4f695b78e9" executionId="ca9de309-799c-4ee4-8d6e-d12566b8be26" testListId="8c84fa94-04c1-424b-9868-57a2d4851a1d" />
  </TestEntries>
  <TestLists>
    <TestList name="Results Not in a List" id="8c84fa94-04c1-424b-9868-57a2d4851a1d" />
    <TestList name="All Loaded Results" id="19431567-8539-422a-85d7-44ee4e166bda" />
  </TestLists>
  <ResultSummary outcome="Failed">
    <Counters total="49" executed="49" passed="26" failed="23" error="0" timeout="0" aborted="0" inconclusive="0" passedButRunAborted="0" notRunnable="0" notExecuted="0" disconnected="0" warning="0" completed="0" inProgress="0" pending="0" />
    <Output>
      <StdOut>[xUnit.net 00:00:00.3934388]   Discovering: tests.bch
[xUnit.net 00:00:00.4713772]   Discovered:  tests.bch
[xUnit.net 00:00:00.5106992]   Starting:    tests.bch
[xUnit.net 00:00:04.4588092]       System.AggregateException : One or more errors occurred. (Executor::InitAndRunAsync failed, check log) (The following constructor parameters did not have matching fixture data: ExecutorFixture fixture)
[xUnit.net 00:00:04.4588855]       ---- System.InvalidOperationException : Executor::InitAndRunAsync failed, check log
[xUnit.net 00:00:04.4589263]       ---- The following constructor parameters did not have matching fixture data: ExecutorFixture fixture
[xUnit.net 00:00:04.4595137]       Stack Trace:
[xUnit.net 00:00:04.4601902]         
[xUnit.net 00:00:04.4602711]         ----- Inner Stack Trace #1 (System.InvalidOperationException) -----
[xUnit.net 00:00:04.4603354]         /home/fernando/dev/kth/cs-api/tests/bch/ExecutorFixture.cs(15,0): at Knuth.Tests.ExecutorFixture..ctor()
[xUnit.net 00:00:04.4603776]         ----- Inner Stack Trace #2 (Xunit.Sdk.TestClassException) -----
[xUnit.net 00:00:04.4604127]         
[xUnit.net 00:00:04.4617338]       System.AggregateException : One or more errors occurred. (Executor::InitAndRunAsync failed, check log) (The following constructor parameters did not have matching fixture data: ExecutorFixture fixture)
[xUnit.net 00:00:04.4617773]       ---- System.InvalidOperationException : Executor::InitAndRunAsync failed, check log
[xUnit.net 00:00:04.4617999]       ---- The following constructor parameters did not have matching fixture data: ExecutorFixture fixture
[xUnit.net 00:00:04.4618316]       Stack Trace:
[xUnit.net 00:00:04.4618725]         
[xUnit.net 00:00:04.4618960]         ----- Inner Stack Trace #1 (System.InvalidOperationException) -----
[xUnit.net 00:00:04.4619291]         /home/fernando/dev/kth/cs-api/tests/bch/ExecutorFixture.cs(15,0): at Knuth.Tests.ExecutorFixture..ctor()
[xUnit.net 00:00:04.4619655]         ----- Inner Stack Trace #2 (Xunit.Sdk.TestClassException) -----
[xUnit.net 00:00:04.4619897]         
[xUnit.net 00:00:04.4621482]       System.AggregateException : One or more errors occurred. (Executor::InitAndRunAsync failed, check log) (The following constructor parameters did not have matching fixture data: ExecutorFixture fixture)
[...]
[xUnit.net 00:00:04.4640070]         ----- Inner Stack Trace #2 (Xunit.Sdk.TestClassException) -----
[xUnit.net 00:00:04.4640291]         
[xUnit.net 00:00:04.4641569]       System.AggregateException : One or more errors occurred. (Executor::InitAndRunAsync failed, check log) (The following constructor parameters did not have matching fixture data: ExecutorFixture fixture)
[xUnit.net 00:00:04.4641884]       ---- System.InvalidOperationException : Executor::InitAndRunAsync failed, check log
[xUnit.net 00:00:04.4642207]       ---- The following constructor parameters did not have matching fixture data: ExecutorFixture fixture
[xUnit.net 00:00:04.4642655]       Stack Trace:
[xUnit.net 00:00:04.4642965]         
[xUnit.net 00:00:04.4643190]         ----- Inner Stack Trace #1 (System.InvalidOperationException) -----
[xUnit.net 00:00:04.4643496]         /home/fernando/dev/kth/cs-api/tests/bch/ExecutorFixture.cs(15,0): at Knuth.Tests.ExecutorFixture..ctor()
[xUnit.net 00:00:04.4643728]         ----- Inner Stack Trace #2 (Xunit.Sdk.TestClassException) -----
[xUnit.net 00:00:04.4643950]         
[xUnit.net 00:00:04.4681391]       System.AggregateException : One or more errors occurred. (Executor::InitAndRunAsync failed, check log) (The following constructor parameters did not have matching fixture data: ExecutorFixture fixture)
[xUnit.net 00:00:04.4681758]       ---- System.InvalidOperationException : Executor::InitAndRunAsync failed, check log
[xUnit.net 00:00:04.4681987]       ---- The following constructor parameters did not have matching fixture data: ExecutorFixture fixture
[xUnit.net 00:00:04.4682243]       Stack Trace:
[xUnit.net 00:00:04.4682480]         
[xUnit.net 00:00:04.4682708]         ----- Inner Stack Trace #1 (System.InvalidOperationException) -----
[xUnit.net 00:00:04.4683016]         /home/fernando/dev/kth/cs-api/tests/bch/ExecutorFixture.cs(15,0): at Knuth.Tests.ExecutorFixture..ctor()
[xUnit.net 00:00:04.4683258]         ----- Inner Stack Trace #2 (Xunit.Sdk.TestClassException) -----
[xUnit.net 00:00:04.4683475]         
[xUnit.net 00:00:04.4684893]       System.AggregateException : One or more errors occurred. (Executor::InitAndRunAsync failed, check log) (The following constructor parameters did not have matching fixture data: ExecutorFixture fixture)
[xUnit.net 00:00:04.4685212]       ---- System.InvalidOperationException : Executor::InitAndRunAsync failed, check log
[xUnit.net 00:00:04.4685421]       ---- The following constructor parameters did not have matching fixture data: ExecutorFixture fixture
[xUnit.net 00:00:04.4685668]       Stack Trace:
[xUnit.net 00:00:04.4685899]         
[xUnit.net 00:00:04.4686111]         ----- Inner Stack Trace #1 (System.InvalidOperationException) -----
[xUnit.net 00:00:04.4686417]         /home/fernando/dev/kth/cs-api/tests/bch/ExecutorFixture.cs(15,0): at Knuth.Tests.ExecutorFixture..ctor()
[xUnit.net 00:00:04.4686657]         ----- Inner Stack Trace #2 (Xunit.Sdk.TestClassException) -----
[xUnit.net 00:00:04.4686880]         
[xUnit.net 00:00:04.4688152]       System.AggregateException : One or more errors occurred. (Executor::InitAndRunAsync failed, check log) (The following constructor parameters did not have matching fixture data: ExecutorFixture fixture)
[xUnit.net 00:00:04.4688462]       ---- System.InvalidOperationException : Executor::InitAndRunAsync failed, check log
[xUnit.net 00:00:04.4688674]       ---- The following constructor parameters did not have matching fixture data: ExecutorFixture fixture
[xUnit.net 00:00:04.4688910]       Stack Trace:
[xUnit.net 00:00:04.4689142]         
[xUnit.net 00:00:04.4689423]         ----- Inner Stack Trace #1 (System.InvalidOperationException) -----
[xUnit.net 00:00:04.4689767]         /home/fernando/dev/kth/cs-api/tests/bch/ExecutorFixture.cs(15,0): at Knuth.Tests.ExecutorFixture..ctor()
[xUnit.net 00:00:04.4690096]         ----- Inner Stack Trace #2 (Xunit.Sdk.TestClassException) -----
[xUnit.net 00:00:04.4690306]         
[xUnit.net 00:00:04.4691531]       System.AggregateException : One or more errors occurred. (Executor::InitAndRunAsync failed, check log) (The following constructor parameters did not have matching fixture data: ExecutorFixture fixture)
[xUnit.net 00:00:04.4691829]       ---- System.InvalidOperationException : Executor::InitAndRunAsync failed, check log
[xUnit.net 00:00:04.4692037]       ---- The following constructor parameters did not have matching fixture data: ExecutorFixture fixture
[xUnit.net 00:00:04.4692271]       Stack Trace:
[xUnit.net 00:00:04.4692490]         
[xUnit.net 00:00:04.4692702]         ----- Inner Stack Trace #1 (System.InvalidOperationException) -----
[xUnit.net 00:00:04.4692988]         /home/fernando/dev/kth/cs-api/tests/bch/ExecutorFixture.cs(15,0): at Knuth.Tests.ExecutorFixture..ctor()
[xUnit.net 00:00:04.4693221]         ----- Inner Stack Trace #2 (Xunit.Sdk.TestClassException) -----
[xUnit.net 00:00:04.4693431]         
[xUnit.net 00:00:04.4694657]       System.AggregateException : One or more errors occurred. (Executor::InitAndRunAsync failed, check log) (The following constructor parameters did not have matching fixture data: ExecutorFixture fixture)
[xUnit.net 00:00:04.4694962]       ---- System.InvalidOperationException : Executor::InitAndRunAsync failed, check log
[xUnit.net 00:00:04.4695158]       ---- The following constructor parameters did not have matching fixture data: ExecutorFixture fixture
[xUnit.net 00:00:04.4695396]       Stack Trace:
[xUnit.net 00:00:04.4695619]         
[xUnit.net 00:00:04.4695823]         ----- Inner Stack Trace #1 (System.InvalidOperationException) -----
[xUnit.net 00:00:04.4696114]         /home/fernando/dev/kth/cs-api/tests/bch/ExecutorFixture.cs(15,0): at Knuth.Tests.ExecutorFixture..ctor()
[xUnit.net 00:00:04.4696339]         ----- Inner Stack Trace #2 (Xunit.Sdk.TestClassException) -----
[xUnit.net 00:00:04.4696554]         
[xUnit.net 00:00:04.4697760]       System.AggregateException : One or more errors occurred. (Executor::InitAndRunAsync failed, check log) (The following constructor parameters did not have matching fixture data: ExecutorFixture fixture)
[xUnit.net 00:00:04.4698063]       ---- System.InvalidOperationException : Executor::InitAndRunAsync failed, check log
[xUnit.net 00:00:04.4698266]       ---- The following constructor parameters did not have matching fixture data: ExecutorFixture fixture
[xUnit.net 00:00:04.4698497]       Stack Trace:
[xUnit.net 00:00:04.4698719]         
[xUnit.net 00:00:04.4698917]         ----- Inner Stack Trace #1 (System.InvalidOperationException) -----
[xUnit.net 00:00:04.4699207]         /home/fernando/dev/kth/cs-api/tests/bch/ExecutorFixture.cs(15,0): at Knuth.Tests.ExecutorFixture..ctor()
[xUnit.net 00:00:04.4699642]         ----- Inner Stack Trace #2 (Xunit.Sdk.TestClassException) -----
[xUnit.net 00:00:04.4699973]         
[xUnit.net 00:00:04.4701198]       System.AggregateException : One or more errors occurred. (Executor::InitAndRunAsync failed, check log) (The following constructor parameters did not have matching fixture data: ExecutorFixture fixture)
[xUnit.net 00:00:04.4701496]       ---- System.InvalidOperationException : Executor::InitAndRunAsync failed, check log
[xUnit.net 00:00:04.4701700]       ---- The following constructor parameters did not have matching fixture data: ExecutorFixture fixture
[xUnit.net 00:00:04.4701935]       Stack Trace:
[xUnit.net 00:00:04.4702150]         
[xUnit.net 00:00:04.4702361]         ----- Inner Stack Trace #1 (System.InvalidOperationException) -----
[xUnit.net 00:00:04.4702646]         /home/fernando/dev/kth/cs-api/tests/bch/ExecutorFixture.cs(15,0): at Knuth.Tests.ExecutorFixture..ctor()
[xUnit.net 00:00:04.4702879]         ----- Inner Stack Trace #2 (Xunit.Sdk.TestClassException) -----
[xUnit.net 00:00:04.4703088]         
[xUnit.net 00:00:04.4704295]       System.AggregateException : One or more errors occurred. (Executor::InitAndRunAsync failed, check log) (The following constructor parameters did not have matching fixture data: ExecutorFixture fixture)
[xUnit.net 00:00:04.4704597]       ---- System.InvalidOperationException : Executor::InitAndRunAsync failed, check log
[xUnit.net 00:00:04.4704794]       ---- The following constructor parameters did not have matching fixture data: ExecutorFixture fixture
[xUnit.net 00:00:04.4705032]       Stack Trace:
[xUnit.net 00:00:04.4705245]         
[xUnit.net 00:00:04.4705455]         ----- Inner Stack Trace #1 (System.InvalidOperationException) -----
[xUnit.net 00:00:04.4705746]         /home/fernando/dev/kth/cs-api/tests/bch/ExecutorFixture.cs(15,0): at Knuth.Tests.ExecutorFixture..ctor()
[xUnit.net 00:00:04.4705968]         ----- Inner Stack Trace #2 (Xunit.Sdk.TestClassException) -----
[xUnit.net 00:00:04.4706183]         
[xUnit.net 00:00:04.4707394]       System.AggregateException : One or more errors occurred. (Executor::InitAndRunAsync failed, check log) (The following constructor parameters did not have matching fixture data: ExecutorFixture fixture)
[xUnit.net 00:00:04.4707695]       ---- System.InvalidOperationException : Executor::InitAndRunAsync failed, check log
[xUnit.net 00:00:04.4707890]       ---- The following constructor parameters did not have matching fixture data: ExecutorFixture fixture
[xUnit.net 00:00:04.4708128]       Stack Trace:
[xUnit.net 00:00:04.4708348]         
[xUnit.net 00:00:04.4708548]         ----- Inner Stack Trace #1 (System.InvalidOperationException) -----
[xUnit.net 00:00:04.4708841]         /home/fernando/dev/kth/cs-api/tests/bch/ExecutorFixture.cs(15,0): at Knuth.Tests.ExecutorFixture..ctor()
[xUnit.net 00:00:04.4709064]         ----- Inner Stack Trace #2 (Xunit.Sdk.TestClassException) -----
[xUnit.net 00:00:04.4709282]         
[xUnit.net 00:00:04.4744991]       System.AggregateException : One or more errors occurred. (Executor::InitAndRunAsync failed, check log) (The following constructor parameters did not have matching fixture data: ExecutorFixture fixture)
[xUnit.net 00:00:04.4745554]       ---- System.InvalidOperationException : Executor::InitAndRunAsync failed, check log
[xUnit.net 00:00:04.4746182]       ---- The following constructor parameters did not have matching fixture data: ExecutorFixture fixture
[xUnit.net 00:00:04.4746463]       Stack Trace:
[xUnit.net 00:00:04.4746711]         
[xUnit.net 00:00:04.4746926]         ----- Inner Stack Trace #1 (System.InvalidOperationException) -----
[xUnit.net 00:00:04.4747244]         /home/fernando/dev/kth/cs-api/tests/bch/ExecutorFixture.cs(15,0): at Knuth.Tests.ExecutorFixture..ctor()
[xUnit.net 00:00:04.4747489]         ----- Inner Stack Trace #2 (Xunit.Sdk.TestClassException) -----
[xUnit.net 00:00:04.4747704]         
[xUnit.net 00:00:04.4749139]       System.AggregateException : One or more errors occurred. (Executor::InitAndRunAsync failed, check log) (The following constructor parameters did not have matching fixture data: ExecutorFixture fixture)
[xUnit.net 00:00:04.4749515]       ---- System.InvalidOperationException : Executor::InitAndRunAsync failed, check log
[xUnit.net 00:00:04.4749848]       ---- The following constructor parameters did not have matching fixture data: ExecutorFixture fixture
[xUnit.net 00:00:04.4750095]       Stack Trace:
[xUnit.net 00:00:04.4750318]         
[xUnit.net 00:00:04.4750529]         ----- Inner Stack Trace #1 (System.InvalidOperationException) -----
[xUnit.net 00:00:04.4750813]         /home/fernando/dev/kth/cs-api/tests/bch/ExecutorFixture.cs(15,0): at Knuth.Tests.ExecutorFixture..ctor()
[xUnit.net 00:00:04.4751044]         ----- Inner Stack Trace #2 (Xunit.Sdk.TestClassException) -----
[xUnit.net 00:00:04.4751250]         
[xUnit.net 00:00:04.4752493]       System.AggregateException : One or more errors occurred. (Executor::InitAndRunAsync failed, check log) (The following constructor parameters did not have matching fixture data: ExecutorFixture fixture)
[xUnit.net 00:00:04.4752799]       ---- System.InvalidOperationException : Executor::InitAndRunAsync failed, check log
[xUnit.net 00:00:04.4752996]       ---- The following constructor parameters did not have matching fixture data: ExecutorFixture fixture
[xUnit.net 00:00:04.4753231]       Stack Trace:
[xUnit.net 00:00:04.4753454]         
[xUnit.net 00:00:04.4753655]         ----- Inner Stack Trace #1 (System.InvalidOperationException) -----
[xUnit.net 00:00:04.4753944]         /home/fernando/dev/kth/cs-api/tests/bch/ExecutorFixture.cs(15,0): at Knuth.Tests.ExecutorFixture..ctor()
[xUnit.net 00:00:04.4754164]         ----- Inner Stack Trace #2 (Xunit.Sdk.TestClassException) -----
[xUnit.net 00:00:04.4754375]         
[xUnit.net 00:00:04.4755583]       System.AggregateException : One or more errors occurred. (Executor::InitAndRunAsync failed, check log) (The following constructor parameters did not have matching fixture data: ExecutorFixture fixture)
[xUnit.net 00:00:04.4755993]       ---- System.InvalidOperationException : Executor::InitAndRunAsync failed, check log
[xUnit.net 00:00:04.4756204]       ---- The following constructor parameters did not have matching fixture data: ExecutorFixture fixture
[xUnit.net 00:00:04.4756646]       Stack Trace:
[xUnit.net 00:00:04.4756875]         
[xUnit.net 00:00:04.4757082]         ----- Inner Stack Trace #1 (System.InvalidOperationException) -----
[xUnit.net 00:00:04.4757576]         /home/fernando/dev/kth/cs-api/tests/bch/ExecutorFixture.cs(15,0): at Knuth.Tests.ExecutorFixture..ctor()
[xUnit.net 00:00:04.4757804]         ----- Inner Stack Trace #2 (Xunit.Sdk.TestClassException) -----
[xUnit.net 00:00:04.4758028]         
[xUnit.net 00:00:04.4759268]       System.AggregateException : One or more errors occurred. (Executor::InitAndRunAsync failed, check log) (The following constructor parameters did not have matching fixture data: ExecutorFixture fixture)
[xUnit.net 00:00:04.4759655]       ---- System.InvalidOperationException : Executor::InitAndRunAsync failed, check log
[xUnit.net 00:00:04.4759881]       ---- The following constructor parameters did not have matching fixture data: ExecutorFixture fixture
[xUnit.net 00:00:04.4760129]       Stack Trace:
[xUnit.net 00:00:04.4760354]         
[xUnit.net 00:00:04.4760575]         ----- Inner Stack Trace #1 (System.InvalidOperationException) -----
[xUnit.net 00:00:04.4761002]         /home/fernando/dev/kth/cs-api/tests/bch/ExecutorFixture.cs(15,0): at Knuth.Tests.ExecutorFixture..ctor()
[xUnit.net 00:00:04.4761396]         ----- Inner Stack Trace #2 (Xunit.Sdk.TestClassException) -----
[xUnit.net 00:00:04.4761783]         
[xUnit.net 00:00:04.4776023]   Finished:    tests.bch
</StdOut>
    </Output>
    <RunInfos>
      <RunInfo computerName="localhost" outcome="Error" timestamp="2020-08-14T23:55:25.1679033-03:00">
        <Text>[xUnit.net 00:00:04.4580266]     Knuth.Tests.ChainTest.FetchBlockHeaderByHashTxSizesAsync [FAIL]</Text>
      </RunInfo>
      <RunInfo computerName="localhost" outcome="Error" timestamp="2020-08-14T23:55:25.1711784-03:00">
        <Text>[xUnit.net 00:00:04.4616704]     Knuth.Tests.ChainTest.FetchHistoryAsync [FAIL]</Text>
      </RunInfo>
      <RunInfo computerName="localhost" outcome="Error" timestamp="2020-08-14T23:55:25.1716500-03:00">
        <Text>[xUnit.net 00:00:04.4621092]     Knuth.Tests.ChainTest.TestFetchBlockByHeight [FAIL]</Text>
      </RunInfo>
      <RunInfo computerName="localhost" outcome="Error" timestamp="2020-08-14T23:55:25.1734465-03:00">
        <Text>[xUnit.net 00:00:04.4624749]     Knuth.Tests.ChainTest.TestFetchBlockByHash [FAIL]</Text>
      </RunInfo>
      <RunInfo computerName="localhost" outcome="Error" timestamp="2020-08-14T23:55:25.1738558-03:00">
        <Text>[xUnit.net 00:00:04.4627995]     Knuth.Tests.ChainTest.FetchBlockByHeightHashTimestampAsync [FAIL]</Text>
      </RunInfo>
      <RunInfo computerName="localhost" outcome="Error" timestamp="2020-08-14T23:55:25.1742467-03:00">
        <Text>[xUnit.net 00:00:04.4631357]     Knuth.Tests.ChainTest.TestFetchTransactionPosition [FAIL]</Text>
      </RunInfo>
      <RunInfo computerName="localhost" outcome="Error" timestamp="2020-08-14T23:55:25.1746506-03:00">
        <Text>[xUnit.net 00:00:04.4634595]     Knuth.Tests.ChainTest.TestFetchSpend [FAIL]</Text>
      </RunInfo>
      <RunInfo computerName="localhost" outcome="Error" timestamp="2020-08-14T23:55:25.1750503-03:00">
        <Text>[xUnit.net 00:00:04.4637794]     Knuth.Tests.ChainTest.TestFetchMerkleBlockByHeight [FAIL]</Text>
      </RunInfo>
      <RunInfo computerName="localhost" outcome="Error" timestamp="2020-08-14T23:55:25.1754676-03:00">
        <Text>[xUnit.net 00:00:04.4641242]     Knuth.Tests.ChainTest.GetMempoolTransactions [FAIL]</Text>
      </RunInfo>
      <RunInfo computerName="localhost" outcome="Error" timestamp="2020-08-14T23:55:25.1837765-03:00">
        <Text>[xUnit.net 00:00:04.4680834]     Knuth.Tests.ChainTest.TestFetchMerkleBlockByHash [FAIL]</Text>
      </RunInfo>
      <RunInfo computerName="localhost" outcome="Error" timestamp="2020-08-14T23:55:25.1838368-03:00">
        <Text>[xUnit.net 00:00:04.4684559]     Knuth.Tests.ChainTest.TestFetchBlockHeaderByHeight [FAIL]</Text>
      </RunInfo>
      <RunInfo computerName="localhost" outcome="Error" timestamp="2020-08-14T23:55:25.1838995-03:00">
        <Text>[xUnit.net 00:00:04.4687827]     Knuth.Tests.ChainTest.TestFetchBlockHeaderByHash [FAIL]</Text>
      </RunInfo>
      <RunInfo computerName="localhost" outcome="Error" timestamp="2020-08-14T23:55:25.1841150-03:00">
        <Text>[xUnit.net 00:00:04.4691215]     Knuth.Tests.ChainTest.TestFetchBlockHeightAsync [FAIL]</Text>
      </RunInfo>
      <RunInfo computerName="localhost" outcome="Error" timestamp="2020-08-14T23:55:25.1853743-03:00">
        <Text>[xUnit.net 00:00:04.4694340]     Knuth.Tests.ChainTest.FetchConfirmedTransactionsAsync [FAIL]</Text>
      </RunInfo>
      <RunInfo computerName="localhost" outcome="Error" timestamp="2020-08-14T23:55:25.1858372-03:00">
        <Text>[xUnit.net 00:00:04.4697449]     Knuth.Tests.ChainTest.TestFetchBlockByHash170 [FAIL]</Text>
      </RunInfo>
      <RunInfo computerName="localhost" outcome="Error" timestamp="2020-08-14T23:55:25.1862565-03:00">
        <Text>[xUnit.net 00:00:04.4700881]     Knuth.Tests.ChainTest.CreateBlockFromHex [FAIL]</Text>
      </RunInfo>
      <RunInfo computerName="localhost" outcome="Error" timestamp="2020-08-14T23:55:25.1866722-03:00">
        <Text>[xUnit.net 00:00:04.4703981]     Knuth.Tests.ChainTest.TestFetchTransactionGenesis [FAIL]</Text>
      </RunInfo>
      <RunInfo computerName="localhost" outcome="Error" timestamp="2020-08-14T23:55:25.1870856-03:00">
        <Text>[xUnit.net 00:00:04.4707079]     Knuth.Tests.ChainTest.TestFetchTransaction [FAIL]</Text>
      </RunInfo>
      <RunInfo computerName="localhost" outcome="Error" timestamp="2020-08-14T23:55:25.1948409-03:00">
        <Text>[xUnit.net 00:00:04.4744289]     Knuth.Tests.ChainTest.TestFetchLastHeight [FAIL]</Text>
      </RunInfo>
      <RunInfo computerName="localhost" outcome="Error" timestamp="2020-08-14T23:55:25.1949117-03:00">
        <Text>[xUnit.net 00:00:04.4748803]     Knuth.Tests.ChainTest.OrganizeTransactionAsync [FAIL]</Text>
      </RunInfo>
      <RunInfo computerName="localhost" outcome="Error" timestamp="2020-08-14T23:55:25.1951968-03:00">
        <Text>[xUnit.net 00:00:04.4752178]     Knuth.Tests.ChainTest.ValidateTransactionAsync [FAIL]</Text>
      </RunInfo>
      <RunInfo computerName="localhost" outcome="Error" timestamp="2020-08-14T23:55:25.1956153-03:00">
        <Text>[xUnit.net 00:00:04.4755270]     Knuth.Tests.ChainTest.IsStale [FAIL]</Text>
      </RunInfo>
      <RunInfo computerName="localhost" outcome="Error" timestamp="2020-08-14T23:55:25.1960221-03:00">
        <Text>[xUnit.net 00:00:04.4758948]     Knuth.Tests.ChainTest.OrganizeBlockAsync [FAIL]</Text>
      </RunInfo>
    </RunInfos>
  </ResultSummary>
</TestRun>